<?xml version="1.0" encoding="UTF-8"?>
<!-- Generated by org.testng.reporters.JUnitReportReporter -->
<testsuite hostname="DESKTOP-6TAQC2O" failures="0" tests="1" name="com.promilo.automation.advertiser.campaign.ApproveFunctionality" time="30.842" errors="0" timestamp="2025-07-31T14:57:00 IST" skipped="0">
  <testcase classname="com.promilo.automation.advertiser.campaign.ApproveFunctionality" name="performLoginTest" time="30.842"/>
</testsuite> <!-- com.promilo.automation.advertiser.campaign.ApproveFunctionality -->
