<?xml version="1.0" encoding="UTF-8"?>
<!-- Generated by org.testng.reporters.JUnitReportReporter -->
<testsuite hostname="DESKTOP-6TAQC2O" failures="0" tests="1" name="com.promilo.automation.advertiser.campaign.CallbackOrTalktoShortListFunctionality" time="18.576" errors="0" timestamp="2025-08-26T11:58:40 IST" skipped="0">
  <testcase classname="com.promilo.automation.advertiser.campaign.CallbackOrTalktoShortListFunctionality" name="verifyBasicDetailsFunctionality" time="18.576"/>
</testsuite> <!-- com.promilo.automation.advertiser.campaign.CallbackOrTalktoShortListFunctionality -->
