<?xml version="1.0" encoding="UTF-8"?>
<!-- Generated by org.testng.reporters.JUnitReportReporter -->
<testsuite hostname="DESKTOP-6TAQC2O" failures="0" tests="1" name="com.promilo.automation.advertiser.mymeetings.DelegateFunctionality" time="10.259" errors="0" timestamp="2025-08-26T12:09:49 IST" skipped="0">
  <testcase classname="com.promilo.automation.advertiser.mymeetings.DelegateFunctionality" name="verifyCommentFunctionality" time="10.259"/>
</testsuite> <!-- com.promilo.automation.advertiser.mymeetings.DelegateFunctionality -->
