<?xml version="1.0" encoding="UTF-8"?>
<!-- Generated by org.testng.reporters.JUnitReportReporter -->
<testsuite hostname="DESKTOP-6TAQC2O" failures="0" tests="58" name="com.promilo.automation.guestuser.jobs.GuestUserShortListWithInvalidOTP" time="0.520" errors="0" timestamp="2025-08-26T10:28:12 IST" skipped="0">
  <testcase classname="com.promilo.automation.guestuser.jobs.GuestUserShortListWithInvalidOTP" name="applyForJobAsRegisteredUser" time="0.002"/>
  <testcase classname="com.promilo.automation.guestuser.jobs.GuestUserShortListWithInvalidOTP" name="applyForJobAsRegisteredUser" time="0.002"/>
  <testcase classname="com.promilo.automation.guestuser.jobs.GuestUserShortListWithInvalidOTP" name="applyForJobAsRegisteredUser" time="0.001"/>
  <testcase classname="com.promilo.automation.guestuser.jobs.GuestUserShortListWithInvalidOTP" name="applyForJobAsRegisteredUser" time="0.002"/>
  <testcase classname="com.promilo.automation.guestuser.jobs.GuestUserShortListWithInvalidOTP" name="applyForJobAsRegisteredUser" time="0.001"/>
  <testcase classname="com.promilo.automation.guestuser.jobs.GuestUserShortListWithInvalidOTP" name="applyForJobAsRegisteredUser" time="0.002"/>
  <testcase classname="com.promilo.automation.guestuser.jobs.GuestUserShortListWithInvalidOTP" name="applyForJobAsRegisteredUser" time="0.002"/>
  <testcase classname="com.promilo.automation.guestuser.jobs.GuestUserShortListWithInvalidOTP" name="applyForJobAsRegisteredUser" time="0.001"/>
  <testcase classname="com.promilo.automation.guestuser.jobs.GuestUserShortListWithInvalidOTP" name="applyForJobAsRegisteredUser" time="0.001"/>
  <testcase classname="com.promilo.automation.guestuser.jobs.GuestUserShortListWithInvalidOTP" name="applyForJobAsRegisteredUser" time="0.002"/>
  <testcase classname="com.promilo.automation.guestuser.jobs.GuestUserShortListWithInvalidOTP" name="applyForJobAsRegisteredUser" time="0.002"/>
  <testcase classname="com.promilo.automation.guestuser.jobs.GuestUserShortListWithInvalidOTP" name="applyForJobAsRegisteredUser" time="0.001"/>
  <testcase classname="com.promilo.automation.guestuser.jobs.GuestUserShortListWithInvalidOTP" name="applyForJobAsRegisteredUser" time="0.002"/>
  <testcase classname="com.promilo.automation.guestuser.jobs.GuestUserShortListWithInvalidOTP" name="applyForJobAsRegisteredUser" time="0.001"/>
  <testcase classname="com.promilo.automation.guestuser.jobs.GuestUserShortListWithInvalidOTP" name="applyForJobAsRegisteredUser" time="0.004"/>
  <testcase classname="com.promilo.automation.guestuser.jobs.GuestUserShortListWithInvalidOTP" name="applyForJobAsRegisteredUser" time="0.001"/>
  <testcase classname="com.promilo.automation.guestuser.jobs.GuestUserShortListWithInvalidOTP" name="applyForJobAsRegisteredUser" time="0.002"/>
  <testcase classname="com.promilo.automation.guestuser.jobs.GuestUserShortListWithInvalidOTP" name="applyForJobAsRegisteredUser" time="0.001"/>
  <testcase classname="com.promilo.automation.guestuser.jobs.GuestUserShortListWithInvalidOTP" name="applyForJobAsRegisteredUser" time="0.001"/>
  <testcase classname="com.promilo.automation.guestuser.jobs.GuestUserShortListWithInvalidOTP" name="applyForJobAsRegisteredUser" time="0.002"/>
  <testcase classname="com.promilo.automation.guestuser.jobs.GuestUserShortListWithInvalidOTP" name="applyForJobAsRegisteredUser" time="0.001"/>
  <testcase classname="com.promilo.automation.guestuser.jobs.GuestUserShortListWithInvalidOTP" name="applyForJobAsRegisteredUser" time="0.001"/>
  <testcase classname="com.promilo.automation.guestuser.jobs.GuestUserShortListWithInvalidOTP" name="applyForJobAsRegisteredUser" time="0.002"/>
  <testcase classname="com.promilo.automation.guestuser.jobs.GuestUserShortListWithInvalidOTP" name="applyForJobAsRegisteredUser" time="0.398"/>
  <testcase classname="com.promilo.automation.guestuser.jobs.GuestUserShortListWithInvalidOTP" name="applyForJobAsRegisteredUser" time="0.002"/>
  <testcase classname="com.promilo.automation.guestuser.jobs.GuestUserShortListWithInvalidOTP" name="applyForJobAsRegisteredUser" time="0.002"/>
  <testcase classname="com.promilo.automation.guestuser.jobs.GuestUserShortListWithInvalidOTP" name="applyForJobAsRegisteredUser" time="0.001"/>
  <testcase classname="com.promilo.automation.guestuser.jobs.GuestUserShortListWithInvalidOTP" name="applyForJobAsRegisteredUser" time="0.002"/>
  <testcase classname="com.promilo.automation.guestuser.jobs.GuestUserShortListWithInvalidOTP" name="applyForJobAsRegisteredUser" time="0.002"/>
  <testcase classname="com.promilo.automation.guestuser.jobs.GuestUserShortListWithInvalidOTP" name="applyForJobAsRegisteredUser" time="0.002"/>
  <testcase classname="com.promilo.automation.guestuser.jobs.GuestUserShortListWithInvalidOTP" name="applyForJobAsRegisteredUser" time="0.002"/>
  <testcase classname="com.promilo.automation.guestuser.jobs.GuestUserShortListWithInvalidOTP" name="applyForJobAsRegisteredUser" time="0.001"/>
  <testcase classname="com.promilo.automation.guestuser.jobs.GuestUserShortListWithInvalidOTP" name="applyForJobAsRegisteredUser" time="0.001"/>
  <testcase classname="com.promilo.automation.guestuser.jobs.GuestUserShortListWithInvalidOTP" name="applyForJobAsRegisteredUser" time="0.001"/>
  <testcase classname="com.promilo.automation.guestuser.jobs.GuestUserShortListWithInvalidOTP" name="applyForJobAsRegisteredUser" time="0.002"/>
  <testcase classname="com.promilo.automation.guestuser.jobs.GuestUserShortListWithInvalidOTP" name="applyForJobAsRegisteredUser" time="0.002"/>
  <testcase classname="com.promilo.automation.guestuser.jobs.GuestUserShortListWithInvalidOTP" name="applyForJobAsRegisteredUser" time="0.001"/>
  <testcase classname="com.promilo.automation.guestuser.jobs.GuestUserShortListWithInvalidOTP" name="applyForJobAsRegisteredUser" time="0.001"/>
  <testcase classname="com.promilo.automation.guestuser.jobs.GuestUserShortListWithInvalidOTP" name="applyForJobAsRegisteredUser" time="0.002"/>
  <testcase classname="com.promilo.automation.guestuser.jobs.GuestUserShortListWithInvalidOTP" name="applyForJobAsRegisteredUser" time="0.001"/>
  <testcase classname="com.promilo.automation.guestuser.jobs.GuestUserShortListWithInvalidOTP" name="applyForJobAsRegisteredUser" time="0.002"/>
  <testcase classname="com.promilo.automation.guestuser.jobs.GuestUserShortListWithInvalidOTP" name="applyForJobAsRegisteredUser" time="0.002"/>
  <testcase classname="com.promilo.automation.guestuser.jobs.GuestUserShortListWithInvalidOTP" name="applyForJobAsRegisteredUser" time="0.001"/>
  <testcase classname="com.promilo.automation.guestuser.jobs.GuestUserShortListWithInvalidOTP" name="applyForJobAsRegisteredUser" time="0.001"/>
  <testcase classname="com.promilo.automation.guestuser.jobs.GuestUserShortListWithInvalidOTP" name="applyForJobAsRegisteredUser" time="0.004"/>
  <testcase classname="com.promilo.automation.guestuser.jobs.GuestUserShortListWithInvalidOTP" name="applyForJobAsRegisteredUser" time="0.002"/>
  <testcase classname="com.promilo.automation.guestuser.jobs.GuestUserShortListWithInvalidOTP" name="applyForJobAsRegisteredUser" time="0.001"/>
  <testcase classname="com.promilo.automation.guestuser.jobs.GuestUserShortListWithInvalidOTP" name="applyForJobAsRegisteredUser" time="0.002"/>
  <testcase classname="com.promilo.automation.guestuser.jobs.GuestUserShortListWithInvalidOTP" name="applyForJobAsRegisteredUser" time="0.025"/>
  <testcase classname="com.promilo.automation.guestuser.jobs.GuestUserShortListWithInvalidOTP" name="applyForJobAsRegisteredUser" time="0.002"/>
  <testcase classname="com.promilo.automation.guestuser.jobs.GuestUserShortListWithInvalidOTP" name="applyForJobAsRegisteredUser" time="0.002"/>
  <testcase classname="com.promilo.automation.guestuser.jobs.GuestUserShortListWithInvalidOTP" name="applyForJobAsRegisteredUser" time="0.003"/>
  <testcase classname="com.promilo.automation.guestuser.jobs.GuestUserShortListWithInvalidOTP" name="applyForJobAsRegisteredUser" time="0.002"/>
  <testcase classname="com.promilo.automation.guestuser.jobs.GuestUserShortListWithInvalidOTP" name="applyForJobAsRegisteredUser" time="0.002"/>
  <testcase classname="com.promilo.automation.guestuser.jobs.GuestUserShortListWithInvalidOTP" name="applyForJobAsRegisteredUser" time="0.002"/>
  <testcase classname="com.promilo.automation.guestuser.jobs.GuestUserShortListWithInvalidOTP" name="applyForJobAsRegisteredUser" time="0.002"/>
  <testcase classname="com.promilo.automation.guestuser.jobs.GuestUserShortListWithInvalidOTP" name="applyForJobAsRegisteredUser" time="0.002"/>
  <testcase classname="com.promilo.automation.guestuser.jobs.GuestUserShortListWithInvalidOTP" name="applyForJobAsRegisteredUser" time="0.003"/>
</testsuite> <!-- com.promilo.automation.guestuser.jobs.GuestUserShortListWithInvalidOTP -->
