<?xml version="1.0" encoding="UTF-8"?>
<!-- Generated by org.testng.reporters.JUnitReportReporter -->
<testsuite hostname="DESKTOP-6TAQC2O" failures="0" tests="1" name="com.promilo.automation.guestuser.jobs.GuestUserAskUs" time="33.734" errors="0" timestamp="2025-08-26T10:56:50 IST" skipped="0">
  <testcase classname="com.promilo.automation.guestuser.jobs.GuestUserAskUs" name="applyForJobAsGuestUser" time="33.734"/>
</testsuite> <!-- com.promilo.automation.guestuser.jobs.GuestUserAskUs -->
