<?xml version="1.0" encoding="UTF-8"?>
<!-- Generated by org.testng.reporters.JUnitReportReporter -->
<testsuite hostname="DESKTOP-6TAQC2O" failures="0" tests="1" name="com.promilo.automation.advertiser.mybilling.MybillingaddFunds" time="24.816" errors="0" timestamp="2025-08-26T12:06:16 IST" skipped="0">
  <testcase classname="com.promilo.automation.advertiser.mybilling.MybillingaddFunds" name="runAddFundsTest" time="24.816"/>
</testsuite> <!-- com.promilo.automation.advertiser.mybilling.MybillingaddFunds -->
