<?xml version="1.0" encoding="UTF-8"?>
<!-- Generated by org.testng.reporters.JUnitReportReporter -->
<testsuite hostname="DESKTOP-6TAQC2O" failures="0" tests="1" name="com.promilo.automation.resources.SignupWithMailosaurUI" time="40.590" errors="0" timestamp="2025-08-22T10:54:18 IST" skipped="0">
  <testcase classname="com.promilo.automation.resources.SignupWithMailosaurUI" name="signupUsingUIOtpFetch" time="40.590"/>
</testsuite> <!-- com.promilo.automation.resources.SignupWithMailosaurUI -->
