<?xml version="1.0" encoding="UTF-8"?>
<!-- Generated by org.testng.reporters.JUnitReportReporter -->
<testsuite hostname="DESKTOP-6TAQC2O" failures="0" tests="1" name="com.promilo.automation.advertiser.campaign.CreateCampaign" time="34.842" errors="0" timestamp="2025-08-26T11:58:40 IST" skipped="0">
  <testcase classname="com.promilo.automation.advertiser.campaign.CreateCampaign" name="performLoginTest" time="34.842"/>
</testsuite> <!-- com.promilo.automation.advertiser.campaign.CreateCampaign -->
