<?xml version="1.0" encoding="UTF-8"?>
<!-- Generated by org.testng.reporters.JUnitReportReporter -->
<testsuite hostname="DESKTOP-6TAQC2O" failures="0" tests="1" name="com.promilo.automation.guestuser.jobs.GuestUserAskUsWithInvalidData" time="33.969" errors="0" timestamp="2025-08-26T11:05:07 IST" skipped="0">
  <testcase classname="com.promilo.automation.guestuser.jobs.GuestUserAskUsWithInvalidData" name="applyForJobAsGuestUserWithInvalidData" time="33.969"/>
</testsuite> <!-- com.promilo.automation.guestuser.jobs.GuestUserAskUsWithInvalidData -->
