<?xml version="1.0" encoding="UTF-8"?>
<!-- Generated by org.testng.reporters.JUnitReportReporter -->
<testsuite hostname="DESKTOP-6TAQC2O" failures="0" tests="1" name="com.promilo.automation.emailnotifications.user.gethrcall.GetHrCallRequestAccepted" time="59.257" errors="0" timestamp="2025-08-26T09:29:29 IST" skipped="0">
  <testcase classname="com.promilo.automation.emailnotifications.user.gethrcall.GetHrCallRequestAccepted" name="applyForJobTestFromExcel" time="59.257"/>
</testsuite> <!-- com.promilo.automation.emailnotifications.user.gethrcall.GetHrCallRequestAccepted -->
