<?xml version="1.0" encoding="UTF-8"?>
<!-- Generated by org.testng.reporters.JUnitReportReporter -->
<testsuite hostname="DESKTOP-6TAQC2O" failures="0" tests="1" name="com.promilo.automation.emailnotifcations.advertiser.GetHrCallInitiated" time="40.983" errors="0" timestamp="2025-08-26T12:16:53 IST" skipped="0">
  <testcase classname="com.promilo.automation.emailnotifcations.advertiser.GetHrCallInitiated" name="applyForJobTestFromExcel" time="40.983"/>
</testsuite> <!-- com.promilo.automation.emailnotifcations.advertiser.GetHrCallInitiated -->
