<?xml version="1.0" encoding="UTF-8"?>
<!-- Generated by org.testng.reporters.JUnitReportReporter -->
<testsuite hostname="DESKTOP-6TAQC2O" failures="0" tests="1" name="com.promilo.automation.registereduser.jobs.NotifySimilarJobsWithInvalidOTP" time="0.111" errors="1" timestamp="2025-08-25T23:03:21 IST" skipped="0">
  <testcase classname="com.promilo.automation.registereduser.jobs.NotifySimilarJobsWithInvalidOTP" name="applyForJobAsRegisteredUser" time="0.111">
    <error message="
[public void com.promilo.automation.registereduser.jobs.NotifySimilarJobsWithInvalidOTP.applyForJobAsRegisteredUser(java.lang.String,java.lang.String,java.lang.String,java.lang.String,java.lang.String,java.lang.String,java.lang.String,java.lang.String) throws java.lang.Exception] has no parameters defined but was found to be using a data provider (either explicitly specified or inherited from class level annotation).
Data provider mismatch
Method: applyForJobAsRegisteredUser([java.lang.String arg0, java.lang.String arg1, java.lang.String arg2, java.lang.String arg3, java.lang.String arg4, java.lang.String arg5, java.lang.String arg6, java.lang.String arg7])
Arguments: [(java.lang.String) TC01,(java.lang.String) Campaign,(java.lang.String) testpromilo1754893116929837@mailinator.com,(java.lang.String) Brand Bangalore,(java.lang.String) openings, SDLC engineer, deployment engineer, modern tech stack jobs...openings, SDLC engineer, deployment engineer, modern tech stack jobs...openings, SDLC engineer, deployment engineer, modern tech stack jobs...openings, SDLC engineer, deployment engineer, modern tech stack jobs...openings, SDLC engineer, deployment engineer, modern tech stack jobs...openings, SDLC engineer, deployment engineer, modern tech stack jobs...openings, SDLC engineer, deployment engineer, modern tech stack jobs...,(java.lang.String) Software Tester,(java.lang.String) 2,(java.lang.Integer) 1]" type="org.testng.internal.reflect.MethodMatcherException">
      <![CDATA[org.testng.internal.reflect.MethodMatcherException: 
[public void com.promilo.automation.registereduser.jobs.NotifySimilarJobsWithInvalidOTP.applyForJobAsRegisteredUser(java.lang.String,java.lang.String,java.lang.String,java.lang.String,java.lang.String,java.lang.String,java.lang.String,java.lang.String) throws java.lang.Exception] has no parameters defined but was found to be using a data provider (either explicitly specified or inherited from class level annotation).
Data provider mismatch
Method: applyForJobAsRegisteredUser([java.lang.String arg0, java.lang.String arg1, java.lang.String arg2, java.lang.String arg3, java.lang.String arg4, java.lang.String arg5, java.lang.String arg6, java.lang.String arg7])
Arguments: [(java.lang.String) TC01,(java.lang.String) Campaign,(java.lang.String) testpromilo1754893116929837@mailinator.com,(java.lang.String) Brand Bangalore,(java.lang.String) openings, SDLC engineer, deployment engineer, modern tech stack jobs...openings, SDLC engineer, deployment engineer, modern tech stack jobs...openings, SDLC engineer, deployment engineer, modern tech stack jobs...openings, SDLC engineer, deployment engineer, modern tech stack jobs...openings, SDLC engineer, deployment engineer, modern tech stack jobs...openings, SDLC engineer, deployment engineer, modern tech stack jobs...openings, SDLC engineer, deployment engineer, modern tech stack jobs...,(java.lang.String) Software Tester,(java.lang.String) 2,(java.lang.Integer) 1]
at org.testng.internal.reflect.DataProviderMethodMatcher.getConformingArguments(DataProviderMethodMatcher.java:46)
at org.testng.internal.Parameters.injectParameters(Parameters.java:915)
at org.testng.internal.invokers.MethodRunner.runInSequence(MethodRunner.java:50)
at org.testng.internal.invokers.TestInvoker$MethodInvocationAgent.invoke(TestInvoker.java:992)
at org.testng.internal.invokers.TestInvoker.invokeTestMethods(TestInvoker.java:203)
at org.testng.internal.invokers.TestMethodWorker.invokeTestMethods(TestMethodWorker.java:154)
at org.testng.internal.invokers.TestMethodWorker.run(TestMethodWorker.java:134)
at java.base/java.util.ArrayList.forEach(ArrayList.java:1596)
at org.testng.TestRunner.privateRun(TestRunner.java:739)
at org.testng.TestRunner.run(TestRunner.java:614)
at org.testng.SuiteRunner.runTest(SuiteRunner.java:421)
at org.testng.SuiteRunner.runSequentially(SuiteRunner.java:413)
at org.testng.SuiteRunner.privateRun(SuiteRunner.java:373)
at org.testng.SuiteRunner.run(SuiteRunner.java:312)
at org.testng.SuiteRunnerWorker.runSuite(SuiteRunnerWorker.java:52)
at org.testng.SuiteRunnerWorker.run(SuiteRunnerWorker.java:95)
at org.testng.TestNG.runSuitesSequentially(TestNG.java:1274)
at org.testng.TestNG.runSuitesLocally(TestNG.java:1208)
at org.testng.TestNG.runSuites(TestNG.java:1112)
at org.testng.TestNG.run(TestNG.java:1079)
at org.testng.remote.AbstractRemoteTestNG.run(AbstractRemoteTestNG.java:115)
at org.testng.remote.RemoteTestNG.initAndRun(RemoteTestNG.java:293)
at org.testng.remote.RemoteTestNG.main(RemoteTestNG.java:91)
]]>
    </error>
  </testcase> <!-- applyForJobAsRegisteredUser -->
</testsuite> <!-- com.promilo.automation.registereduser.jobs.NotifySimilarJobsWithInvalidOTP -->
