<?xml version="1.0" encoding="UTF-8"?>
<!-- Generated by org.testng.reporters.JUnitReportReporter -->
<testsuite hostname="DESKTOP-6TAQC2O" failures="0" tests="1" name="com.promilo.automation.advertiser.mybilling.InvoicePreview" time="22.618" errors="0" timestamp="2025-08-26T12:06:16 IST" skipped="0">
  <testcase classname="com.promilo.automation.advertiser.mybilling.InvoicePreview" name="runAddFundsTest" time="22.618"/>
</testsuite> <!-- com.promilo.automation.advertiser.mybilling.InvoicePreview -->
