<?xml version="1.0" encoding="UTF-8"?>
<!-- Generated by org.testng.reporters.JUnitReportReporter -->
<testsuite hostname="DESKTOP-6TAQC2O" failures="0" tests="1" name="com.promilo.automation.signupandlogin.PhoneLoginWithInvalidOtp" time="23.293" errors="0" timestamp="2025-08-26T11:32:09 IST" skipped="0">
  <testcase classname="com.promilo.automation.signupandlogin.PhoneLoginWithInvalidOtp" name="mailLoginWithInvalidOtp" time="23.293"/>
</testsuite> <!-- com.promilo.automation.signupandlogin.PhoneLoginWithInvalidOtp -->
