<?xml version="1.0" encoding="UTF-8"?>
<!-- Generated by org.testng.reporters.JUnitReportReporter -->
<testsuite hostname="DESKTOP-6TAQC2O" failures="0" tests="1" name="com.promilo.automation.resumemodule.KeySkillsTest" time="16.609" errors="0" timestamp="2025-08-26T11:45:20 IST" skipped="0">
  <testcase classname="com.promilo.automation.resumemodule.KeySkillsTest" name="keySkillsTest" time="16.609"/>
</testsuite> <!-- com.promilo.automation.resumemodule.KeySkillsTest -->
