<?xml version="1.0" encoding="UTF-8"?>
<!-- Generated by org.testng.reporters.JUnitReportReporter -->
<testsuite hostname="DESKTOP-6TAQC2O" failures="0" tests="1" name="com.promilo.automation.advertiser.campaign.ShortListFunctionality" time="10.564" errors="0" timestamp="2025-08-26T11:58:40 IST" skipped="0">
  <testcase classname="com.promilo.automation.advertiser.campaign.ShortListFunctionality" name="verifyFilterFunctionalityDataDriven" time="10.564"/>
</testsuite> <!-- com.promilo.automation.advertiser.campaign.ShortListFunctionality -->
