<?xml version="1.0" encoding="UTF-8"?>
<!-- Generated by org.testng.reporters.JUnitReportReporter -->
<testsuite hostname="DESKTOP-6TAQC2O" failures="0" tests="1" name="com.promilo.automation.emailnotifications.jobapply.UserIniatedTheRescheduleRequest" time="48.664" errors="0" timestamp="2025-08-22T10:48:35 IST" skipped="0">
  <testcase classname="com.promilo.automation.emailnotifications.jobapply.UserIniatedTheRescheduleRequest" name="applyForJobTestFromExcel" time="48.664"/>
</testsuite> <!-- com.promilo.automation.emailnotifications.jobapply.UserIniatedTheRescheduleRequest -->
