<?xml version="1.0" encoding="UTF-8"?>
<!-- Generated by org.testng.reporters.JUnitReportReporter -->
<testsuite hostname="DESKTOP-6TAQC2O" failures="0" tests="59" name="com.promilo.automation.registereduser.jobs.MaiLRegisteredUserInvalidJobApply" time="0.000" errors="0" timestamp="2025-08-25T23:03:21 IST" skipped="59">
  <testcase classname="com.promilo.automation.registereduser.jobs.MaiLRegisteredUserInvalidJobApply" name="applyForJobAsRegisteredUserWithInvalidOTP" time="0.000">
    <skipped/>
  </testcase> <!-- applyForJobAsRegisteredUserWithInvalidOTP -->
  <testcase classname="com.promilo.automation.registereduser.jobs.MaiLRegisteredUserInvalidJobApply" name="applyForJobAsRegisteredUserWithInvalidOTP" time="0.000">
    <skipped/>
  </testcase> <!-- applyForJobAsRegisteredUserWithInvalidOTP -->
  <testcase classname="com.promilo.automation.registereduser.jobs.MaiLRegisteredUserInvalidJobApply" name="applyForJobAsRegisteredUserWithInvalidOTP" time="0.000">
    <skipped/>
  </testcase> <!-- applyForJobAsRegisteredUserWithInvalidOTP -->
  <testcase classname="com.promilo.automation.registereduser.jobs.MaiLRegisteredUserInvalidJobApply" name="applyForJobAsRegisteredUserWithInvalidOTP" time="0.000">
    <skipped/>
  </testcase> <!-- applyForJobAsRegisteredUserWithInvalidOTP -->
  <testcase classname="com.promilo.automation.registereduser.jobs.MaiLRegisteredUserInvalidJobApply" name="applyForJobAsRegisteredUserWithInvalidOTP" time="0.000">
    <skipped/>
  </testcase> <!-- applyForJobAsRegisteredUserWithInvalidOTP -->
  <testcase classname="com.promilo.automation.registereduser.jobs.MaiLRegisteredUserInvalidJobApply" name="applyForJobAsRegisteredUserWithInvalidOTP" time="0.000">
    <skipped/>
  </testcase> <!-- applyForJobAsRegisteredUserWithInvalidOTP -->
  <testcase classname="com.promilo.automation.registereduser.jobs.MaiLRegisteredUserInvalidJobApply" name="applyForJobAsRegisteredUserWithInvalidOTP" time="0.000">
    <skipped/>
  </testcase> <!-- applyForJobAsRegisteredUserWithInvalidOTP -->
  <testcase classname="com.promilo.automation.registereduser.jobs.MaiLRegisteredUserInvalidJobApply" name="applyForJobAsRegisteredUserWithInvalidOTP" time="0.000">
    <skipped/>
  </testcase> <!-- applyForJobAsRegisteredUserWithInvalidOTP -->
  <testcase classname="com.promilo.automation.registereduser.jobs.MaiLRegisteredUserInvalidJobApply" name="applyForJobAsRegisteredUserWithInvalidOTP" time="0.000">
    <skipped/>
  </testcase> <!-- applyForJobAsRegisteredUserWithInvalidOTP -->
  <testcase classname="com.promilo.automation.registereduser.jobs.MaiLRegisteredUserInvalidJobApply" name="applyForJobAsRegisteredUserWithInvalidOTP" time="0.000">
    <skipped/>
  </testcase> <!-- applyForJobAsRegisteredUserWithInvalidOTP -->
  <testcase classname="com.promilo.automation.registereduser.jobs.MaiLRegisteredUserInvalidJobApply" name="applyForJobAsRegisteredUserWithInvalidOTP" time="0.000">
    <skipped/>
  </testcase> <!-- applyForJobAsRegisteredUserWithInvalidOTP -->
  <testcase classname="com.promilo.automation.registereduser.jobs.MaiLRegisteredUserInvalidJobApply" name="applyForJobAsRegisteredUserWithInvalidOTP" time="0.000">
    <skipped/>
  </testcase> <!-- applyForJobAsRegisteredUserWithInvalidOTP -->
  <testcase classname="com.promilo.automation.registereduser.jobs.MaiLRegisteredUserInvalidJobApply" name="applyForJobAsRegisteredUserWithInvalidOTP" time="0.000">
    <skipped/>
  </testcase> <!-- applyForJobAsRegisteredUserWithInvalidOTP -->
  <testcase classname="com.promilo.automation.registereduser.jobs.MaiLRegisteredUserInvalidJobApply" name="applyForJobAsRegisteredUserWithInvalidOTP" time="0.000">
    <skipped/>
  </testcase> <!-- applyForJobAsRegisteredUserWithInvalidOTP -->
  <testcase classname="com.promilo.automation.registereduser.jobs.MaiLRegisteredUserInvalidJobApply" name="applyForJobAsRegisteredUserWithInvalidOTP" time="0.000">
    <skipped/>
  </testcase> <!-- applyForJobAsRegisteredUserWithInvalidOTP -->
  <testcase classname="com.promilo.automation.registereduser.jobs.MaiLRegisteredUserInvalidJobApply" name="applyForJobAsRegisteredUserWithInvalidOTP" time="0.000">
    <skipped/>
  </testcase> <!-- applyForJobAsRegisteredUserWithInvalidOTP -->
  <testcase classname="com.promilo.automation.registereduser.jobs.MaiLRegisteredUserInvalidJobApply" name="applyForJobAsRegisteredUserWithInvalidOTP" time="0.000">
    <skipped/>
  </testcase> <!-- applyForJobAsRegisteredUserWithInvalidOTP -->
  <testcase classname="com.promilo.automation.registereduser.jobs.MaiLRegisteredUserInvalidJobApply" name="applyForJobAsRegisteredUserWithInvalidOTP" time="0.000">
    <skipped/>
  </testcase> <!-- applyForJobAsRegisteredUserWithInvalidOTP -->
  <testcase classname="com.promilo.automation.registereduser.jobs.MaiLRegisteredUserInvalidJobApply" name="applyForJobAsRegisteredUserWithInvalidOTP" time="0.000">
    <skipped/>
  </testcase> <!-- applyForJobAsRegisteredUserWithInvalidOTP -->
  <testcase classname="com.promilo.automation.registereduser.jobs.MaiLRegisteredUserInvalidJobApply" name="applyForJobAsRegisteredUserWithInvalidOTP" time="0.000">
    <skipped/>
  </testcase> <!-- applyForJobAsRegisteredUserWithInvalidOTP -->
  <testcase classname="com.promilo.automation.registereduser.jobs.MaiLRegisteredUserInvalidJobApply" name="applyForJobAsRegisteredUserWithInvalidOTP" time="0.000">
    <skipped/>
  </testcase> <!-- applyForJobAsRegisteredUserWithInvalidOTP -->
  <testcase classname="com.promilo.automation.registereduser.jobs.MaiLRegisteredUserInvalidJobApply" name="applyForJobAsRegisteredUserWithInvalidOTP" time="0.000">
    <skipped/>
  </testcase> <!-- applyForJobAsRegisteredUserWithInvalidOTP -->
  <testcase classname="com.promilo.automation.registereduser.jobs.MaiLRegisteredUserInvalidJobApply" name="applyForJobAsRegisteredUserWithInvalidOTP" time="0.000">
    <skipped/>
  </testcase> <!-- applyForJobAsRegisteredUserWithInvalidOTP -->
  <testcase classname="com.promilo.automation.registereduser.jobs.MaiLRegisteredUserInvalidJobApply" name="applyForJobAsRegisteredUserWithInvalidOTP" time="0.000">
    <skipped/>
  </testcase> <!-- applyForJobAsRegisteredUserWithInvalidOTP -->
  <testcase classname="com.promilo.automation.registereduser.jobs.MaiLRegisteredUserInvalidJobApply" name="applyForJobAsRegisteredUserWithInvalidOTP" time="0.000">
    <skipped/>
  </testcase> <!-- applyForJobAsRegisteredUserWithInvalidOTP -->
  <testcase classname="com.promilo.automation.registereduser.jobs.MaiLRegisteredUserInvalidJobApply" name="applyForJobAsRegisteredUserWithInvalidOTP" time="0.000">
    <skipped/>
  </testcase> <!-- applyForJobAsRegisteredUserWithInvalidOTP -->
  <testcase classname="com.promilo.automation.registereduser.jobs.MaiLRegisteredUserInvalidJobApply" name="applyForJobAsRegisteredUserWithInvalidOTP" time="0.000">
    <skipped/>
  </testcase> <!-- applyForJobAsRegisteredUserWithInvalidOTP -->
  <testcase classname="com.promilo.automation.registereduser.jobs.MaiLRegisteredUserInvalidJobApply" name="applyForJobAsRegisteredUserWithInvalidOTP" time="0.000">
    <skipped/>
  </testcase> <!-- applyForJobAsRegisteredUserWithInvalidOTP -->
  <testcase classname="com.promilo.automation.registereduser.jobs.MaiLRegisteredUserInvalidJobApply" name="applyForJobAsRegisteredUserWithInvalidOTP" time="0.000">
    <skipped/>
  </testcase> <!-- applyForJobAsRegisteredUserWithInvalidOTP -->
  <testcase classname="com.promilo.automation.registereduser.jobs.MaiLRegisteredUserInvalidJobApply" name="applyForJobAsRegisteredUserWithInvalidOTP" time="0.000">
    <skipped/>
  </testcase> <!-- applyForJobAsRegisteredUserWithInvalidOTP -->
  <testcase classname="com.promilo.automation.registereduser.jobs.MaiLRegisteredUserInvalidJobApply" name="applyForJobAsRegisteredUserWithInvalidOTP" time="0.000">
    <skipped/>
  </testcase> <!-- applyForJobAsRegisteredUserWithInvalidOTP -->
  <testcase classname="com.promilo.automation.registereduser.jobs.MaiLRegisteredUserInvalidJobApply" name="applyForJobAsRegisteredUserWithInvalidOTP" time="0.000">
    <skipped/>
  </testcase> <!-- applyForJobAsRegisteredUserWithInvalidOTP -->
  <testcase classname="com.promilo.automation.registereduser.jobs.MaiLRegisteredUserInvalidJobApply" name="applyForJobAsRegisteredUserWithInvalidOTP" time="0.000">
    <skipped/>
  </testcase> <!-- applyForJobAsRegisteredUserWithInvalidOTP -->
  <testcase classname="com.promilo.automation.registereduser.jobs.MaiLRegisteredUserInvalidJobApply" name="applyForJobAsRegisteredUserWithInvalidOTP" time="0.000">
    <skipped/>
  </testcase> <!-- applyForJobAsRegisteredUserWithInvalidOTP -->
  <testcase classname="com.promilo.automation.registereduser.jobs.MaiLRegisteredUserInvalidJobApply" name="applyForJobAsRegisteredUserWithInvalidOTP" time="0.000">
    <skipped/>
  </testcase> <!-- applyForJobAsRegisteredUserWithInvalidOTP -->
  <testcase classname="com.promilo.automation.registereduser.jobs.MaiLRegisteredUserInvalidJobApply" name="applyForJobAsRegisteredUserWithInvalidOTP" time="0.000">
    <skipped/>
  </testcase> <!-- applyForJobAsRegisteredUserWithInvalidOTP -->
  <testcase classname="com.promilo.automation.registereduser.jobs.MaiLRegisteredUserInvalidJobApply" name="applyForJobAsRegisteredUserWithInvalidOTP" time="0.000">
    <skipped/>
  </testcase> <!-- applyForJobAsRegisteredUserWithInvalidOTP -->
  <testcase classname="com.promilo.automation.registereduser.jobs.MaiLRegisteredUserInvalidJobApply" name="applyForJobAsRegisteredUserWithInvalidOTP" time="0.000">
    <skipped/>
  </testcase> <!-- applyForJobAsRegisteredUserWithInvalidOTP -->
  <testcase classname="com.promilo.automation.registereduser.jobs.MaiLRegisteredUserInvalidJobApply" name="applyForJobAsRegisteredUserWithInvalidOTP" time="0.000">
    <skipped/>
  </testcase> <!-- applyForJobAsRegisteredUserWithInvalidOTP -->
  <testcase classname="com.promilo.automation.registereduser.jobs.MaiLRegisteredUserInvalidJobApply" name="applyForJobAsRegisteredUserWithInvalidOTP" time="0.000">
    <skipped/>
  </testcase> <!-- applyForJobAsRegisteredUserWithInvalidOTP -->
  <testcase classname="com.promilo.automation.registereduser.jobs.MaiLRegisteredUserInvalidJobApply" name="applyForJobAsRegisteredUserWithInvalidOTP" time="0.000">
    <skipped/>
  </testcase> <!-- applyForJobAsRegisteredUserWithInvalidOTP -->
  <testcase classname="com.promilo.automation.registereduser.jobs.MaiLRegisteredUserInvalidJobApply" name="applyForJobAsRegisteredUserWithInvalidOTP" time="0.000">
    <skipped/>
  </testcase> <!-- applyForJobAsRegisteredUserWithInvalidOTP -->
  <testcase classname="com.promilo.automation.registereduser.jobs.MaiLRegisteredUserInvalidJobApply" name="applyForJobAsRegisteredUserWithInvalidOTP" time="0.000">
    <skipped/>
  </testcase> <!-- applyForJobAsRegisteredUserWithInvalidOTP -->
  <testcase classname="com.promilo.automation.registereduser.jobs.MaiLRegisteredUserInvalidJobApply" name="applyForJobAsRegisteredUserWithInvalidOTP" time="0.000">
    <skipped/>
  </testcase> <!-- applyForJobAsRegisteredUserWithInvalidOTP -->
  <testcase classname="com.promilo.automation.registereduser.jobs.MaiLRegisteredUserInvalidJobApply" name="applyForJobAsRegisteredUserWithInvalidOTP" time="0.000">
    <skipped/>
  </testcase> <!-- applyForJobAsRegisteredUserWithInvalidOTP -->
  <testcase classname="com.promilo.automation.registereduser.jobs.MaiLRegisteredUserInvalidJobApply" name="applyForJobAsRegisteredUserWithInvalidOTP" time="0.000">
    <skipped/>
  </testcase> <!-- applyForJobAsRegisteredUserWithInvalidOTP -->
  <testcase classname="com.promilo.automation.registereduser.jobs.MaiLRegisteredUserInvalidJobApply" name="applyForJobAsRegisteredUserWithInvalidOTP" time="0.000">
    <skipped/>
  </testcase> <!-- applyForJobAsRegisteredUserWithInvalidOTP -->
  <testcase classname="com.promilo.automation.registereduser.jobs.MaiLRegisteredUserInvalidJobApply" name="applyForJobAsRegisteredUserWithInvalidOTP" time="0.000">
    <skipped/>
  </testcase> <!-- applyForJobAsRegisteredUserWithInvalidOTP -->
  <testcase classname="com.promilo.automation.registereduser.jobs.MaiLRegisteredUserInvalidJobApply" name="applyForJobAsRegisteredUserWithInvalidOTP" time="0.000">
    <skipped/>
  </testcase> <!-- applyForJobAsRegisteredUserWithInvalidOTP -->
  <testcase classname="com.promilo.automation.registereduser.jobs.MaiLRegisteredUserInvalidJobApply" name="applyForJobAsRegisteredUserWithInvalidOTP" time="0.000">
    <skipped/>
  </testcase> <!-- applyForJobAsRegisteredUserWithInvalidOTP -->
  <testcase classname="com.promilo.automation.registereduser.jobs.MaiLRegisteredUserInvalidJobApply" name="applyForJobAsRegisteredUserWithInvalidOTP" time="0.000">
    <skipped/>
  </testcase> <!-- applyForJobAsRegisteredUserWithInvalidOTP -->
  <testcase classname="com.promilo.automation.registereduser.jobs.MaiLRegisteredUserInvalidJobApply" name="applyForJobAsRegisteredUserWithInvalidOTP" time="0.000">
    <skipped/>
  </testcase> <!-- applyForJobAsRegisteredUserWithInvalidOTP -->
  <testcase classname="com.promilo.automation.registereduser.jobs.MaiLRegisteredUserInvalidJobApply" name="applyForJobAsRegisteredUserWithInvalidOTP" time="0.000">
    <skipped/>
  </testcase> <!-- applyForJobAsRegisteredUserWithInvalidOTP -->
  <testcase classname="com.promilo.automation.registereduser.jobs.MaiLRegisteredUserInvalidJobApply" name="applyForJobAsRegisteredUserWithInvalidOTP" time="0.000">
    <skipped/>
  </testcase> <!-- applyForJobAsRegisteredUserWithInvalidOTP -->
  <testcase classname="com.promilo.automation.registereduser.jobs.MaiLRegisteredUserInvalidJobApply" name="applyForJobAsRegisteredUserWithInvalidOTP" time="0.000">
    <skipped/>
  </testcase> <!-- applyForJobAsRegisteredUserWithInvalidOTP -->
  <testcase classname="com.promilo.automation.registereduser.jobs.MaiLRegisteredUserInvalidJobApply" name="applyForJobAsRegisteredUserWithInvalidOTP" time="0.000">
    <skipped/>
  </testcase> <!-- applyForJobAsRegisteredUserWithInvalidOTP -->
  <testcase classname="com.promilo.automation.registereduser.jobs.MaiLRegisteredUserInvalidJobApply" name="applyForJobAsRegisteredUserWithInvalidOTP" time="0.000">
    <skipped/>
  </testcase> <!-- applyForJobAsRegisteredUserWithInvalidOTP -->
  <testcase classname="com.promilo.automation.registereduser.jobs.MaiLRegisteredUserInvalidJobApply" name="applyForJobAsRegisteredUserWithInvalidOTP" time="0.000">
    <skipped/>
  </testcase> <!-- applyForJobAsRegisteredUserWithInvalidOTP -->
  <testcase classname="com.promilo.automation.registereduser.jobs.MaiLRegisteredUserInvalidJobApply" name="applyForJobAsRegisteredUserWithInvalidOTP" time="0.000">
    <skipped/>
  </testcase> <!-- applyForJobAsRegisteredUserWithInvalidOTP -->
</testsuite> <!-- com.promilo.automation.registereduser.jobs.MaiLRegisteredUserInvalidJobApply -->
