<?xml version="1.0" encoding="UTF-8"?>
<!-- Generated by org.testng.reporters.JUnitReportReporter -->
<testsuite hostname="DESKTOP-6TAQC2O" failures="0" tests="1" name="com.promilo.automation.myassignments.MyassignmentUsingUpload" time="2.443" errors="0" timestamp="2025-08-26T11:51:57 IST" skipped="0">
  <testcase classname="com.promilo.automation.myassignments.MyassignmentUsingUpload" name="myAssignmentUploadTest" time="2.443"/>
</testsuite> <!-- com.promilo.automation.myassignments.MyassignmentUsingUpload -->
