<?xml version="1.0" encoding="UTF-8"?>
<!-- Generated by org.testng.reporters.JUnitReportReporter -->
<testsuite hostname="DESKTOP-6TAQC2O" failures="0" tests="1" name="com.promilo.automation.mymeetings.JoinmeetingFunctionality" time="2.886" errors="0" timestamp="2025-08-26T11:48:33 IST" skipped="0">
  <testcase classname="com.promilo.automation.mymeetings.JoinmeetingFunctionality" name="joinMeetingWithDataDrivenLogin" time="2.886"/>
</testsuite> <!-- com.promilo.automation.mymeetings.JoinmeetingFunctionality -->
