<?xml version="1.0" encoding="UTF-8"?>
<!-- Generated by org.testng.reporters.JUnitReportReporter -->
<testsuite hostname="DESKTOP-6TAQC2O" failures="0" tests="1" name="com.promilo.automation.myintrests.MyintrestsRejected" time="0.095" errors="0" timestamp="2025-08-26T11:49:40 IST" skipped="0">
  <testcase classname="com.promilo.automation.myintrests.MyintrestsRejected" name="myInterestRejectedTest" time="0.095"/>
</testsuite> <!-- com.promilo.automation.myintrests.MyintrestsRejected -->
