<?xml version="1.0" encoding="UTF-8"?>
<!-- Generated by org.testng.reporters.JUnitReportReporter -->
<testsuite hostname="DESKTOP-6TAQC2O" failures="0" tests="1" name="com.promilo.automation.emailnotifications.user.gethrcall.GetHrCallRequestRejected" time="57.008" errors="0" timestamp="2025-08-26T09:29:29 IST" skipped="0">
  <testcase classname="com.promilo.automation.emailnotifications.user.gethrcall.GetHrCallRequestRejected" name="applyForJobTestFromExcel" time="57.008"/>
</testsuite> <!-- com.promilo.automation.emailnotifications.user.gethrcall.GetHrCallRequestRejected -->
