<?xml version="1.0" encoding="UTF-8"?>
<!-- Generated by org.testng.reporters.JUnitReportReporter -->
<testsuite hostname="DESKTOP-6TAQC2O" failures="0" tests="1" name="com.promilo.automation.advertiser.campaign.DelegateFunctionality" time="9.894" errors="0" timestamp="2025-08-26T11:58:40 IST" skipped="0">
  <testcase classname="com.promilo.automation.advertiser.campaign.DelegateFunctionality" name="verifyDelegateFunctionalityDataDriven" time="9.894"/>
</testsuite> <!-- com.promilo.automation.advertiser.campaign.DelegateFunctionality -->
