<?xml version="1.0" encoding="UTF-8"?>
<!-- Generated by org.testng.reporters.JUnitReportReporter -->
<testsuite hostname="DESKTOP-6TAQC2O" failures="0" tests="1" name="com.promilo.automation.emailnotifications.user.gethrcall.GetHRCallInitiated" time="42.549" errors="0" timestamp="2025-08-26T09:29:29 IST" skipped="0">
  <testcase classname="com.promilo.automation.emailnotifications.user.gethrcall.GetHRCallInitiated" name="applyForJobTestFromExcel" time="42.549"/>
</testsuite> <!-- com.promilo.automation.emailnotifications.user.gethrcall.GetHRCallInitiated -->
