<?xml version="1.0" encoding="UTF-8"?>
<!-- Generated by org.testng.reporters.JUnitReportReporter -->
<testsuite hostname="DESKTOP-6TAQC2O" failures="0" tests="59" name="com.promilo.automation.registereduser.jobs.PhoneRegisteredJobApplyWithInvalidOtp" time="0.001" errors="0" timestamp="2025-08-25T23:03:22 IST" skipped="59">
  <testcase classname="com.promilo.automation.registereduser.jobs.PhoneRegisteredJobApplyWithInvalidOtp" name="applyWithInvalidOtp" time="0.000">
    <skipped/>
  </testcase> <!-- applyWithInvalidOtp -->
  <testcase classname="com.promilo.automation.registereduser.jobs.PhoneRegisteredJobApplyWithInvalidOtp" name="applyWithInvalidOtp" time="0.000">
    <skipped/>
  </testcase> <!-- applyWithInvalidOtp -->
  <testcase classname="com.promilo.automation.registereduser.jobs.PhoneRegisteredJobApplyWithInvalidOtp" name="applyWithInvalidOtp" time="0.000">
    <skipped/>
  </testcase> <!-- applyWithInvalidOtp -->
  <testcase classname="com.promilo.automation.registereduser.jobs.PhoneRegisteredJobApplyWithInvalidOtp" name="applyWithInvalidOtp" time="0.000">
    <skipped/>
  </testcase> <!-- applyWithInvalidOtp -->
  <testcase classname="com.promilo.automation.registereduser.jobs.PhoneRegisteredJobApplyWithInvalidOtp" name="applyWithInvalidOtp" time="0.000">
    <skipped/>
  </testcase> <!-- applyWithInvalidOtp -->
  <testcase classname="com.promilo.automation.registereduser.jobs.PhoneRegisteredJobApplyWithInvalidOtp" name="applyWithInvalidOtp" time="0.000">
    <skipped/>
  </testcase> <!-- applyWithInvalidOtp -->
  <testcase classname="com.promilo.automation.registereduser.jobs.PhoneRegisteredJobApplyWithInvalidOtp" name="applyWithInvalidOtp" time="0.000">
    <skipped/>
  </testcase> <!-- applyWithInvalidOtp -->
  <testcase classname="com.promilo.automation.registereduser.jobs.PhoneRegisteredJobApplyWithInvalidOtp" name="applyWithInvalidOtp" time="0.000">
    <skipped/>
  </testcase> <!-- applyWithInvalidOtp -->
  <testcase classname="com.promilo.automation.registereduser.jobs.PhoneRegisteredJobApplyWithInvalidOtp" name="applyWithInvalidOtp" time="0.000">
    <skipped/>
  </testcase> <!-- applyWithInvalidOtp -->
  <testcase classname="com.promilo.automation.registereduser.jobs.PhoneRegisteredJobApplyWithInvalidOtp" name="applyWithInvalidOtp" time="0.000">
    <skipped/>
  </testcase> <!-- applyWithInvalidOtp -->
  <testcase classname="com.promilo.automation.registereduser.jobs.PhoneRegisteredJobApplyWithInvalidOtp" name="applyWithInvalidOtp" time="0.000">
    <skipped/>
  </testcase> <!-- applyWithInvalidOtp -->
  <testcase classname="com.promilo.automation.registereduser.jobs.PhoneRegisteredJobApplyWithInvalidOtp" name="applyWithInvalidOtp" time="0.000">
    <skipped/>
  </testcase> <!-- applyWithInvalidOtp -->
  <testcase classname="com.promilo.automation.registereduser.jobs.PhoneRegisteredJobApplyWithInvalidOtp" name="applyWithInvalidOtp" time="0.000">
    <skipped/>
  </testcase> <!-- applyWithInvalidOtp -->
  <testcase classname="com.promilo.automation.registereduser.jobs.PhoneRegisteredJobApplyWithInvalidOtp" name="applyWithInvalidOtp" time="0.000">
    <skipped/>
  </testcase> <!-- applyWithInvalidOtp -->
  <testcase classname="com.promilo.automation.registereduser.jobs.PhoneRegisteredJobApplyWithInvalidOtp" name="applyWithInvalidOtp" time="0.000">
    <skipped/>
  </testcase> <!-- applyWithInvalidOtp -->
  <testcase classname="com.promilo.automation.registereduser.jobs.PhoneRegisteredJobApplyWithInvalidOtp" name="applyWithInvalidOtp" time="0.000">
    <skipped/>
  </testcase> <!-- applyWithInvalidOtp -->
  <testcase classname="com.promilo.automation.registereduser.jobs.PhoneRegisteredJobApplyWithInvalidOtp" name="applyWithInvalidOtp" time="0.000">
    <skipped/>
  </testcase> <!-- applyWithInvalidOtp -->
  <testcase classname="com.promilo.automation.registereduser.jobs.PhoneRegisteredJobApplyWithInvalidOtp" name="applyWithInvalidOtp" time="0.000">
    <skipped/>
  </testcase> <!-- applyWithInvalidOtp -->
  <testcase classname="com.promilo.automation.registereduser.jobs.PhoneRegisteredJobApplyWithInvalidOtp" name="applyWithInvalidOtp" time="0.000">
    <skipped/>
  </testcase> <!-- applyWithInvalidOtp -->
  <testcase classname="com.promilo.automation.registereduser.jobs.PhoneRegisteredJobApplyWithInvalidOtp" name="applyWithInvalidOtp" time="0.000">
    <skipped/>
  </testcase> <!-- applyWithInvalidOtp -->
  <testcase classname="com.promilo.automation.registereduser.jobs.PhoneRegisteredJobApplyWithInvalidOtp" name="applyWithInvalidOtp" time="0.000">
    <skipped/>
  </testcase> <!-- applyWithInvalidOtp -->
  <testcase classname="com.promilo.automation.registereduser.jobs.PhoneRegisteredJobApplyWithInvalidOtp" name="applyWithInvalidOtp" time="0.000">
    <skipped/>
  </testcase> <!-- applyWithInvalidOtp -->
  <testcase classname="com.promilo.automation.registereduser.jobs.PhoneRegisteredJobApplyWithInvalidOtp" name="applyWithInvalidOtp" time="0.000">
    <skipped/>
  </testcase> <!-- applyWithInvalidOtp -->
  <testcase classname="com.promilo.automation.registereduser.jobs.PhoneRegisteredJobApplyWithInvalidOtp" name="applyWithInvalidOtp" time="0.000">
    <skipped/>
  </testcase> <!-- applyWithInvalidOtp -->
  <testcase classname="com.promilo.automation.registereduser.jobs.PhoneRegisteredJobApplyWithInvalidOtp" name="applyWithInvalidOtp" time="0.000">
    <skipped/>
  </testcase> <!-- applyWithInvalidOtp -->
  <testcase classname="com.promilo.automation.registereduser.jobs.PhoneRegisteredJobApplyWithInvalidOtp" name="applyWithInvalidOtp" time="0.000">
    <skipped/>
  </testcase> <!-- applyWithInvalidOtp -->
  <testcase classname="com.promilo.automation.registereduser.jobs.PhoneRegisteredJobApplyWithInvalidOtp" name="applyWithInvalidOtp" time="0.000">
    <skipped/>
  </testcase> <!-- applyWithInvalidOtp -->
  <testcase classname="com.promilo.automation.registereduser.jobs.PhoneRegisteredJobApplyWithInvalidOtp" name="applyWithInvalidOtp" time="0.000">
    <skipped/>
  </testcase> <!-- applyWithInvalidOtp -->
  <testcase classname="com.promilo.automation.registereduser.jobs.PhoneRegisteredJobApplyWithInvalidOtp" name="applyWithInvalidOtp" time="0.000">
    <skipped/>
  </testcase> <!-- applyWithInvalidOtp -->
  <testcase classname="com.promilo.automation.registereduser.jobs.PhoneRegisteredJobApplyWithInvalidOtp" name="applyWithInvalidOtp" time="0.000">
    <skipped/>
  </testcase> <!-- applyWithInvalidOtp -->
  <testcase classname="com.promilo.automation.registereduser.jobs.PhoneRegisteredJobApplyWithInvalidOtp" name="applyWithInvalidOtp" time="0.000">
    <skipped/>
  </testcase> <!-- applyWithInvalidOtp -->
  <testcase classname="com.promilo.automation.registereduser.jobs.PhoneRegisteredJobApplyWithInvalidOtp" name="applyWithInvalidOtp" time="0.000">
    <skipped/>
  </testcase> <!-- applyWithInvalidOtp -->
  <testcase classname="com.promilo.automation.registereduser.jobs.PhoneRegisteredJobApplyWithInvalidOtp" name="applyWithInvalidOtp" time="0.000">
    <skipped/>
  </testcase> <!-- applyWithInvalidOtp -->
  <testcase classname="com.promilo.automation.registereduser.jobs.PhoneRegisteredJobApplyWithInvalidOtp" name="applyWithInvalidOtp" time="0.001">
    <skipped/>
  </testcase> <!-- applyWithInvalidOtp -->
  <testcase classname="com.promilo.automation.registereduser.jobs.PhoneRegisteredJobApplyWithInvalidOtp" name="applyWithInvalidOtp" time="0.000">
    <skipped/>
  </testcase> <!-- applyWithInvalidOtp -->
  <testcase classname="com.promilo.automation.registereduser.jobs.PhoneRegisteredJobApplyWithInvalidOtp" name="applyWithInvalidOtp" time="0.000">
    <skipped/>
  </testcase> <!-- applyWithInvalidOtp -->
  <testcase classname="com.promilo.automation.registereduser.jobs.PhoneRegisteredJobApplyWithInvalidOtp" name="applyWithInvalidOtp" time="0.000">
    <skipped/>
  </testcase> <!-- applyWithInvalidOtp -->
  <testcase classname="com.promilo.automation.registereduser.jobs.PhoneRegisteredJobApplyWithInvalidOtp" name="applyWithInvalidOtp" time="0.000">
    <skipped/>
  </testcase> <!-- applyWithInvalidOtp -->
  <testcase classname="com.promilo.automation.registereduser.jobs.PhoneRegisteredJobApplyWithInvalidOtp" name="applyWithInvalidOtp" time="0.000">
    <skipped/>
  </testcase> <!-- applyWithInvalidOtp -->
  <testcase classname="com.promilo.automation.registereduser.jobs.PhoneRegisteredJobApplyWithInvalidOtp" name="applyWithInvalidOtp" time="0.000">
    <skipped/>
  </testcase> <!-- applyWithInvalidOtp -->
  <testcase classname="com.promilo.automation.registereduser.jobs.PhoneRegisteredJobApplyWithInvalidOtp" name="applyWithInvalidOtp" time="0.000">
    <skipped/>
  </testcase> <!-- applyWithInvalidOtp -->
  <testcase classname="com.promilo.automation.registereduser.jobs.PhoneRegisteredJobApplyWithInvalidOtp" name="applyWithInvalidOtp" time="0.000">
    <skipped/>
  </testcase> <!-- applyWithInvalidOtp -->
  <testcase classname="com.promilo.automation.registereduser.jobs.PhoneRegisteredJobApplyWithInvalidOtp" name="applyWithInvalidOtp" time="0.000">
    <skipped/>
  </testcase> <!-- applyWithInvalidOtp -->
  <testcase classname="com.promilo.automation.registereduser.jobs.PhoneRegisteredJobApplyWithInvalidOtp" name="applyWithInvalidOtp" time="0.000">
    <skipped/>
  </testcase> <!-- applyWithInvalidOtp -->
  <testcase classname="com.promilo.automation.registereduser.jobs.PhoneRegisteredJobApplyWithInvalidOtp" name="applyWithInvalidOtp" time="0.000">
    <skipped/>
  </testcase> <!-- applyWithInvalidOtp -->
  <testcase classname="com.promilo.automation.registereduser.jobs.PhoneRegisteredJobApplyWithInvalidOtp" name="applyWithInvalidOtp" time="0.000">
    <skipped/>
  </testcase> <!-- applyWithInvalidOtp -->
  <testcase classname="com.promilo.automation.registereduser.jobs.PhoneRegisteredJobApplyWithInvalidOtp" name="applyWithInvalidOtp" time="0.000">
    <skipped/>
  </testcase> <!-- applyWithInvalidOtp -->
  <testcase classname="com.promilo.automation.registereduser.jobs.PhoneRegisteredJobApplyWithInvalidOtp" name="applyWithInvalidOtp" time="0.000">
    <skipped/>
  </testcase> <!-- applyWithInvalidOtp -->
  <testcase classname="com.promilo.automation.registereduser.jobs.PhoneRegisteredJobApplyWithInvalidOtp" name="applyWithInvalidOtp" time="0.000">
    <skipped/>
  </testcase> <!-- applyWithInvalidOtp -->
  <testcase classname="com.promilo.automation.registereduser.jobs.PhoneRegisteredJobApplyWithInvalidOtp" name="applyWithInvalidOtp" time="0.000">
    <skipped/>
  </testcase> <!-- applyWithInvalidOtp -->
  <testcase classname="com.promilo.automation.registereduser.jobs.PhoneRegisteredJobApplyWithInvalidOtp" name="applyWithInvalidOtp" time="0.000">
    <skipped/>
  </testcase> <!-- applyWithInvalidOtp -->
  <testcase classname="com.promilo.automation.registereduser.jobs.PhoneRegisteredJobApplyWithInvalidOtp" name="applyWithInvalidOtp" time="0.000">
    <skipped/>
  </testcase> <!-- applyWithInvalidOtp -->
  <testcase classname="com.promilo.automation.registereduser.jobs.PhoneRegisteredJobApplyWithInvalidOtp" name="applyWithInvalidOtp" time="0.000">
    <skipped/>
  </testcase> <!-- applyWithInvalidOtp -->
  <testcase classname="com.promilo.automation.registereduser.jobs.PhoneRegisteredJobApplyWithInvalidOtp" name="applyWithInvalidOtp" time="0.000">
    <skipped/>
  </testcase> <!-- applyWithInvalidOtp -->
  <testcase classname="com.promilo.automation.registereduser.jobs.PhoneRegisteredJobApplyWithInvalidOtp" name="applyWithInvalidOtp" time="0.000">
    <skipped/>
  </testcase> <!-- applyWithInvalidOtp -->
  <testcase classname="com.promilo.automation.registereduser.jobs.PhoneRegisteredJobApplyWithInvalidOtp" name="applyWithInvalidOtp" time="0.000">
    <skipped/>
  </testcase> <!-- applyWithInvalidOtp -->
  <testcase classname="com.promilo.automation.registereduser.jobs.PhoneRegisteredJobApplyWithInvalidOtp" name="applyWithInvalidOtp" time="0.000">
    <skipped/>
  </testcase> <!-- applyWithInvalidOtp -->
  <testcase classname="com.promilo.automation.registereduser.jobs.PhoneRegisteredJobApplyWithInvalidOtp" name="applyWithInvalidOtp" time="0.000">
    <skipped/>
  </testcase> <!-- applyWithInvalidOtp -->
  <testcase classname="com.promilo.automation.registereduser.jobs.PhoneRegisteredJobApplyWithInvalidOtp" name="applyWithInvalidOtp" time="0.000">
    <skipped/>
  </testcase> <!-- applyWithInvalidOtp -->
</testsuite> <!-- com.promilo.automation.registereduser.jobs.PhoneRegisteredJobApplyWithInvalidOtp -->
