<?xml version="1.0" encoding="UTF-8"?>
<!-- Generated by org.testng.reporters.JUnitReportReporter -->
<testsuite hostname="DESKTOP-6TAQC2O" failures="0" tests="1" name="com.promilo.automation.resumemodule.WorkSamplePage" time="12.538" errors="0" timestamp="2025-08-26T11:45:20 IST" skipped="0">
  <testcase classname="com.promilo.automation.resumemodule.WorkSamplePage" name="uploadWorkSampleUsingExcel" time="12.538"/>
</testsuite> <!-- com.promilo.automation.resumemodule.WorkSamplePage -->
