<?xml version="1.0" encoding="UTF-8"?>
<!-- Generated by org.testng.reporters.JUnitReportReporter -->
<testsuite hostname="DESKTOP-6TAQC2O" failures="0" tests="1" name="com.promilo.automation.myintrests.MyintrestAcceptedStatus" time="11.027" errors="0" timestamp="2025-08-26T11:50:11 IST" skipped="0">
  <testcase classname="com.promilo.automation.myintrests.MyintrestAcceptedStatus" name="verifyAcceptedInterestTag" time="11.027"/>
</testsuite> <!-- com.promilo.automation.myintrests.MyintrestAcceptedStatus -->
