<?xml version="1.0" encoding="UTF-8"?>
<!-- Generated by org.testng.reporters.JUnitReportReporter -->
<testsuite hostname="DESKTOP-6TAQC2O" failures="0" tests="58" name="com.promilo.automation.guestuser.jobs.GuestUserJobApplyWithExistingPhoneAndEmail" time="0.000" errors="0" timestamp="2025-08-25T23:03:21 IST" skipped="58">
  <testcase classname="com.promilo.automation.guestuser.jobs.GuestUserJobApplyWithExistingPhoneAndEmail" name="applyForJobAsRegisteredUser" time="0.000">
    <skipped/>
  </testcase> <!-- applyForJobAsRegisteredUser -->
  <testcase classname="com.promilo.automation.guestuser.jobs.GuestUserJobApplyWithExistingPhoneAndEmail" name="applyForJobAsRegisteredUser" time="0.000">
    <skipped/>
  </testcase> <!-- applyForJobAsRegisteredUser -->
  <testcase classname="com.promilo.automation.guestuser.jobs.GuestUserJobApplyWithExistingPhoneAndEmail" name="applyForJobAsRegisteredUser" time="0.000">
    <skipped/>
  </testcase> <!-- applyForJobAsRegisteredUser -->
  <testcase classname="com.promilo.automation.guestuser.jobs.GuestUserJobApplyWithExistingPhoneAndEmail" name="applyForJobAsRegisteredUser" time="0.000">
    <skipped/>
  </testcase> <!-- applyForJobAsRegisteredUser -->
  <testcase classname="com.promilo.automation.guestuser.jobs.GuestUserJobApplyWithExistingPhoneAndEmail" name="applyForJobAsRegisteredUser" time="0.000">
    <skipped/>
  </testcase> <!-- applyForJobAsRegisteredUser -->
  <testcase classname="com.promilo.automation.guestuser.jobs.GuestUserJobApplyWithExistingPhoneAndEmail" name="applyForJobAsRegisteredUser" time="0.000">
    <skipped/>
  </testcase> <!-- applyForJobAsRegisteredUser -->
  <testcase classname="com.promilo.automation.guestuser.jobs.GuestUserJobApplyWithExistingPhoneAndEmail" name="applyForJobAsRegisteredUser" time="0.000">
    <skipped/>
  </testcase> <!-- applyForJobAsRegisteredUser -->
  <testcase classname="com.promilo.automation.guestuser.jobs.GuestUserJobApplyWithExistingPhoneAndEmail" name="applyForJobAsRegisteredUser" time="0.000">
    <skipped/>
  </testcase> <!-- applyForJobAsRegisteredUser -->
  <testcase classname="com.promilo.automation.guestuser.jobs.GuestUserJobApplyWithExistingPhoneAndEmail" name="applyForJobAsRegisteredUser" time="0.000">
    <skipped/>
  </testcase> <!-- applyForJobAsRegisteredUser -->
  <testcase classname="com.promilo.automation.guestuser.jobs.GuestUserJobApplyWithExistingPhoneAndEmail" name="applyForJobAsRegisteredUser" time="0.000">
    <skipped/>
  </testcase> <!-- applyForJobAsRegisteredUser -->
  <testcase classname="com.promilo.automation.guestuser.jobs.GuestUserJobApplyWithExistingPhoneAndEmail" name="applyForJobAsRegisteredUser" time="0.000">
    <skipped/>
  </testcase> <!-- applyForJobAsRegisteredUser -->
  <testcase classname="com.promilo.automation.guestuser.jobs.GuestUserJobApplyWithExistingPhoneAndEmail" name="applyForJobAsRegisteredUser" time="0.000">
    <skipped/>
  </testcase> <!-- applyForJobAsRegisteredUser -->
  <testcase classname="com.promilo.automation.guestuser.jobs.GuestUserJobApplyWithExistingPhoneAndEmail" name="applyForJobAsRegisteredUser" time="0.000">
    <skipped/>
  </testcase> <!-- applyForJobAsRegisteredUser -->
  <testcase classname="com.promilo.automation.guestuser.jobs.GuestUserJobApplyWithExistingPhoneAndEmail" name="applyForJobAsRegisteredUser" time="0.000">
    <skipped/>
  </testcase> <!-- applyForJobAsRegisteredUser -->
  <testcase classname="com.promilo.automation.guestuser.jobs.GuestUserJobApplyWithExistingPhoneAndEmail" name="applyForJobAsRegisteredUser" time="0.000">
    <skipped/>
  </testcase> <!-- applyForJobAsRegisteredUser -->
  <testcase classname="com.promilo.automation.guestuser.jobs.GuestUserJobApplyWithExistingPhoneAndEmail" name="applyForJobAsRegisteredUser" time="0.000">
    <skipped/>
  </testcase> <!-- applyForJobAsRegisteredUser -->
  <testcase classname="com.promilo.automation.guestuser.jobs.GuestUserJobApplyWithExistingPhoneAndEmail" name="applyForJobAsRegisteredUser" time="0.000">
    <skipped/>
  </testcase> <!-- applyForJobAsRegisteredUser -->
  <testcase classname="com.promilo.automation.guestuser.jobs.GuestUserJobApplyWithExistingPhoneAndEmail" name="applyForJobAsRegisteredUser" time="0.000">
    <skipped/>
  </testcase> <!-- applyForJobAsRegisteredUser -->
  <testcase classname="com.promilo.automation.guestuser.jobs.GuestUserJobApplyWithExistingPhoneAndEmail" name="applyForJobAsRegisteredUser" time="0.000">
    <skipped/>
  </testcase> <!-- applyForJobAsRegisteredUser -->
  <testcase classname="com.promilo.automation.guestuser.jobs.GuestUserJobApplyWithExistingPhoneAndEmail" name="applyForJobAsRegisteredUser" time="0.000">
    <skipped/>
  </testcase> <!-- applyForJobAsRegisteredUser -->
  <testcase classname="com.promilo.automation.guestuser.jobs.GuestUserJobApplyWithExistingPhoneAndEmail" name="applyForJobAsRegisteredUser" time="0.000">
    <skipped/>
  </testcase> <!-- applyForJobAsRegisteredUser -->
  <testcase classname="com.promilo.automation.guestuser.jobs.GuestUserJobApplyWithExistingPhoneAndEmail" name="applyForJobAsRegisteredUser" time="0.000">
    <skipped/>
  </testcase> <!-- applyForJobAsRegisteredUser -->
  <testcase classname="com.promilo.automation.guestuser.jobs.GuestUserJobApplyWithExistingPhoneAndEmail" name="applyForJobAsRegisteredUser" time="0.000">
    <skipped/>
  </testcase> <!-- applyForJobAsRegisteredUser -->
  <testcase classname="com.promilo.automation.guestuser.jobs.GuestUserJobApplyWithExistingPhoneAndEmail" name="applyForJobAsRegisteredUser" time="0.000">
    <skipped/>
  </testcase> <!-- applyForJobAsRegisteredUser -->
  <testcase classname="com.promilo.automation.guestuser.jobs.GuestUserJobApplyWithExistingPhoneAndEmail" name="applyForJobAsRegisteredUser" time="0.000">
    <skipped/>
  </testcase> <!-- applyForJobAsRegisteredUser -->
  <testcase classname="com.promilo.automation.guestuser.jobs.GuestUserJobApplyWithExistingPhoneAndEmail" name="applyForJobAsRegisteredUser" time="0.000">
    <skipped/>
  </testcase> <!-- applyForJobAsRegisteredUser -->
  <testcase classname="com.promilo.automation.guestuser.jobs.GuestUserJobApplyWithExistingPhoneAndEmail" name="applyForJobAsRegisteredUser" time="0.000">
    <skipped/>
  </testcase> <!-- applyForJobAsRegisteredUser -->
  <testcase classname="com.promilo.automation.guestuser.jobs.GuestUserJobApplyWithExistingPhoneAndEmail" name="applyForJobAsRegisteredUser" time="0.000">
    <skipped/>
  </testcase> <!-- applyForJobAsRegisteredUser -->
  <testcase classname="com.promilo.automation.guestuser.jobs.GuestUserJobApplyWithExistingPhoneAndEmail" name="applyForJobAsRegisteredUser" time="0.000">
    <skipped/>
  </testcase> <!-- applyForJobAsRegisteredUser -->
  <testcase classname="com.promilo.automation.guestuser.jobs.GuestUserJobApplyWithExistingPhoneAndEmail" name="applyForJobAsRegisteredUser" time="0.000">
    <skipped/>
  </testcase> <!-- applyForJobAsRegisteredUser -->
  <testcase classname="com.promilo.automation.guestuser.jobs.GuestUserJobApplyWithExistingPhoneAndEmail" name="applyForJobAsRegisteredUser" time="0.000">
    <skipped/>
  </testcase> <!-- applyForJobAsRegisteredUser -->
  <testcase classname="com.promilo.automation.guestuser.jobs.GuestUserJobApplyWithExistingPhoneAndEmail" name="applyForJobAsRegisteredUser" time="0.000">
    <skipped/>
  </testcase> <!-- applyForJobAsRegisteredUser -->
  <testcase classname="com.promilo.automation.guestuser.jobs.GuestUserJobApplyWithExistingPhoneAndEmail" name="applyForJobAsRegisteredUser" time="0.000">
    <skipped/>
  </testcase> <!-- applyForJobAsRegisteredUser -->
  <testcase classname="com.promilo.automation.guestuser.jobs.GuestUserJobApplyWithExistingPhoneAndEmail" name="applyForJobAsRegisteredUser" time="0.000">
    <skipped/>
  </testcase> <!-- applyForJobAsRegisteredUser -->
  <testcase classname="com.promilo.automation.guestuser.jobs.GuestUserJobApplyWithExistingPhoneAndEmail" name="applyForJobAsRegisteredUser" time="0.000">
    <skipped/>
  </testcase> <!-- applyForJobAsRegisteredUser -->
  <testcase classname="com.promilo.automation.guestuser.jobs.GuestUserJobApplyWithExistingPhoneAndEmail" name="applyForJobAsRegisteredUser" time="0.000">
    <skipped/>
  </testcase> <!-- applyForJobAsRegisteredUser -->
  <testcase classname="com.promilo.automation.guestuser.jobs.GuestUserJobApplyWithExistingPhoneAndEmail" name="applyForJobAsRegisteredUser" time="0.000">
    <skipped/>
  </testcase> <!-- applyForJobAsRegisteredUser -->
  <testcase classname="com.promilo.automation.guestuser.jobs.GuestUserJobApplyWithExistingPhoneAndEmail" name="applyForJobAsRegisteredUser" time="0.000">
    <skipped/>
  </testcase> <!-- applyForJobAsRegisteredUser -->
  <testcase classname="com.promilo.automation.guestuser.jobs.GuestUserJobApplyWithExistingPhoneAndEmail" name="applyForJobAsRegisteredUser" time="0.000">
    <skipped/>
  </testcase> <!-- applyForJobAsRegisteredUser -->
  <testcase classname="com.promilo.automation.guestuser.jobs.GuestUserJobApplyWithExistingPhoneAndEmail" name="applyForJobAsRegisteredUser" time="0.000">
    <skipped/>
  </testcase> <!-- applyForJobAsRegisteredUser -->
  <testcase classname="com.promilo.automation.guestuser.jobs.GuestUserJobApplyWithExistingPhoneAndEmail" name="applyForJobAsRegisteredUser" time="0.000">
    <skipped/>
  </testcase> <!-- applyForJobAsRegisteredUser -->
  <testcase classname="com.promilo.automation.guestuser.jobs.GuestUserJobApplyWithExistingPhoneAndEmail" name="applyForJobAsRegisteredUser" time="0.000">
    <skipped/>
  </testcase> <!-- applyForJobAsRegisteredUser -->
  <testcase classname="com.promilo.automation.guestuser.jobs.GuestUserJobApplyWithExistingPhoneAndEmail" name="applyForJobAsRegisteredUser" time="0.000">
    <skipped/>
  </testcase> <!-- applyForJobAsRegisteredUser -->
  <testcase classname="com.promilo.automation.guestuser.jobs.GuestUserJobApplyWithExistingPhoneAndEmail" name="applyForJobAsRegisteredUser" time="0.000">
    <skipped/>
  </testcase> <!-- applyForJobAsRegisteredUser -->
  <testcase classname="com.promilo.automation.guestuser.jobs.GuestUserJobApplyWithExistingPhoneAndEmail" name="applyForJobAsRegisteredUser" time="0.000">
    <skipped/>
  </testcase> <!-- applyForJobAsRegisteredUser -->
  <testcase classname="com.promilo.automation.guestuser.jobs.GuestUserJobApplyWithExistingPhoneAndEmail" name="applyForJobAsRegisteredUser" time="0.000">
    <skipped/>
  </testcase> <!-- applyForJobAsRegisteredUser -->
  <testcase classname="com.promilo.automation.guestuser.jobs.GuestUserJobApplyWithExistingPhoneAndEmail" name="applyForJobAsRegisteredUser" time="0.000">
    <skipped/>
  </testcase> <!-- applyForJobAsRegisteredUser -->
  <testcase classname="com.promilo.automation.guestuser.jobs.GuestUserJobApplyWithExistingPhoneAndEmail" name="applyForJobAsRegisteredUser" time="0.000">
    <skipped/>
  </testcase> <!-- applyForJobAsRegisteredUser -->
  <testcase classname="com.promilo.automation.guestuser.jobs.GuestUserJobApplyWithExistingPhoneAndEmail" name="applyForJobAsRegisteredUser" time="0.000">
    <skipped/>
  </testcase> <!-- applyForJobAsRegisteredUser -->
  <testcase classname="com.promilo.automation.guestuser.jobs.GuestUserJobApplyWithExistingPhoneAndEmail" name="applyForJobAsRegisteredUser" time="0.000">
    <skipped/>
  </testcase> <!-- applyForJobAsRegisteredUser -->
  <testcase classname="com.promilo.automation.guestuser.jobs.GuestUserJobApplyWithExistingPhoneAndEmail" name="applyForJobAsRegisteredUser" time="0.000">
    <skipped/>
  </testcase> <!-- applyForJobAsRegisteredUser -->
  <testcase classname="com.promilo.automation.guestuser.jobs.GuestUserJobApplyWithExistingPhoneAndEmail" name="applyForJobAsRegisteredUser" time="0.000">
    <skipped/>
  </testcase> <!-- applyForJobAsRegisteredUser -->
  <testcase classname="com.promilo.automation.guestuser.jobs.GuestUserJobApplyWithExistingPhoneAndEmail" name="applyForJobAsRegisteredUser" time="0.000">
    <skipped/>
  </testcase> <!-- applyForJobAsRegisteredUser -->
  <testcase classname="com.promilo.automation.guestuser.jobs.GuestUserJobApplyWithExistingPhoneAndEmail" name="applyForJobAsRegisteredUser" time="0.000">
    <skipped/>
  </testcase> <!-- applyForJobAsRegisteredUser -->
  <testcase classname="com.promilo.automation.guestuser.jobs.GuestUserJobApplyWithExistingPhoneAndEmail" name="applyForJobAsRegisteredUser" time="0.000">
    <skipped/>
  </testcase> <!-- applyForJobAsRegisteredUser -->
  <testcase classname="com.promilo.automation.guestuser.jobs.GuestUserJobApplyWithExistingPhoneAndEmail" name="applyForJobAsRegisteredUser" time="0.000">
    <skipped/>
  </testcase> <!-- applyForJobAsRegisteredUser -->
  <testcase classname="com.promilo.automation.guestuser.jobs.GuestUserJobApplyWithExistingPhoneAndEmail" name="applyForJobAsRegisteredUser" time="0.000">
    <skipped/>
  </testcase> <!-- applyForJobAsRegisteredUser -->
  <testcase classname="com.promilo.automation.guestuser.jobs.GuestUserJobApplyWithExistingPhoneAndEmail" name="applyForJobAsRegisteredUser" time="0.000">
    <skipped/>
  </testcase> <!-- applyForJobAsRegisteredUser -->
</testsuite> <!-- com.promilo.automation.guestuser.jobs.GuestUserJobApplyWithExistingPhoneAndEmail -->
