<?xml version="1.0" encoding="UTF-8"?>
<!-- Generated by org.testng.reporters.JUnitReportReporter -->
<testsuite hostname="DESKTOP-6TAQC2O" failures="0" tests="1" name="com.promilo.automation.guestuser.jobs.GuestUserHrCall" time="51.000" errors="1" timestamp="2025-08-26T11:25:24 IST" skipped="0">
  <testcase classname="com.promilo.automation.guestuser.jobs.GuestUserHrCall" name="applyForJobAsGuestUser" time="51.000">
    <error message="Error {
  message=&#039;Timeout 30000ms exceeded.
  name=&#039;TimeoutError
  stack=&#039;TimeoutError: Timeout 30000ms exceeded.
    at ProgressController.run (C:\Users\Admin\AppData\Local\Temp\playwright-java-14645071976776738247\package\lib\server\progress.js:76:26)
    at Frame.click (C:\Users\Admin\AppData\Local\Temp\playwright-java-14645071976776738247\package\lib\server\frames.js:959:23)
    at FrameDispatcher.click (C:\Users\Admin\AppData\Local\Temp\playwright-java-14645071976776738247\package\lib\server\dispatchers\frameDispatcher.js:117:30)
    at FrameDispatcher._handleCommand (C:\Users\Admin\AppData\Local\Temp\playwright-java-14645071976776738247\package\lib\server\dispatchers\dispatcher.js:88:40)
    at DispatcherConnection.dispatch (C:\Users\Admin\AppData\Local\Temp\playwright-java-14645071976776738247\package\lib\server\dispatchers\dispatcher.js:309:39)
}
Call log:
-   - waiting for locator(&quot;//div[text()=&#039;Select your Industry*&#039;]&quot;).first()
-     - locator resolved to &lt;div class=&quot;select-placeholder&quot;&gt;Select your Industry*&lt;/div&gt;
-   - attempting click action
-     2 × waiting for element to be visible, enabled and stable
-       - element is visible, enabled and stable
-       - scrolling into view if needed
-       - done scrolling
-       - &lt;li class=&quot;pb-1&quot;&gt;Direct HR Access: Ensure your application reaches…&lt;/li&gt; from &lt;div role=&quot;dialog&quot; tabindex=&quot;-1&quot; aria-modal=&quot;true&quot; class=&quot;fade AskUs-Modal modal show&quot;&gt;…&lt;/div&gt; subtree intercepts pointer events
-     - retrying click action
-     - waiting 20ms
-     2 × waiting for element to be visible, enabled and stable
-       - element is visible, enabled and stable
-       - scrolling into view if needed
-       - done scrolling
-       - &lt;li class=&quot;pb-1&quot;&gt;Direct HR Access: Ensure your application reaches…&lt;/li&gt; from &lt;div role=&quot;dialog&quot; tabindex=&quot;-1&quot; aria-modal=&quot;true&quot; class=&quot;fade AskUs-Modal modal show&quot;&gt;…&lt;/div&gt; subtree intercepts pointer events
-     - retrying click action
-       - waiting 100ms
-     - waiting for element to be visible, enabled and stable
-     - element is not stable
-   13 × retrying click action
-        - waiting 500ms
-        - waiting for element to be visible, enabled and stable
-        - element is visible, enabled and stable
-        - scrolling into view if needed
-        - done scrolling
-        - &lt;li class=&quot;pb-1&quot;&gt;Stay Updated: You can receive real-time notificat…&lt;/li&gt; from &lt;div role=&quot;dialog&quot; tabindex=&quot;-1&quot; aria-modal=&quot;true&quot; class=&quot;fade AskUs-Modal modal show&quot;&gt;…&lt;/div&gt; subtree intercepts pointer events
-      - retrying click action
-        - waiting 500ms
-        - waiting for element to be visible, enabled and stable
-        - element is visible, enabled and stable
-        - scrolling into view if needed
-        - done scrolling
-        - &lt;div class=&quot;fade modal-backdrop show&quot;&gt;&lt;/div&gt; intercepts pointer events
-      - retrying click action
-        - waiting 500ms
-        - waiting for element to be visible, enabled and stable
-        - element is visible, enabled and stable
-        - scrolling into view if needed
-        - done scrolling
-        - &lt;li class=&quot;pb-1&quot;&gt;Direct HR Access: Ensure your application reaches…&lt;/li&gt; from &lt;div role=&quot;dialog&quot; tabindex=&quot;-1&quot; aria-modal=&quot;true&quot; class=&quot;fade AskUs-Modal modal show&quot;&gt;…&lt;/div&gt; subtree intercepts pointer events
-      - retrying click action
-        - waiting 500ms
-        - waiting for element to be visible, enabled and stable
-        - element is visible, enabled and stable
-        - scrolling into view if needed
-        - done scrolling
-        - &lt;li class=&quot;pb-1&quot;&gt;Stay Updated: You can receive real-time notificat…&lt;/li&gt; from &lt;div role=&quot;dialog&quot; tabindex=&quot;-1&quot; aria-modal=&quot;true&quot; class=&quot;fade AskUs-Modal modal show&quot;&gt;…&lt;/div&gt; subtree intercepts pointer events
-   - retrying click action
-     - waiting 500ms
" type="com.microsoft.playwright.TimeoutError">
      <![CDATA[com.microsoft.playwright.TimeoutError: Error {
  message='Timeout 30000ms exceeded.
  name='TimeoutError
  stack='TimeoutError: Timeout 30000ms exceeded.
    at ProgressController.run (C:\Users\Admin\AppData\Local\Temp\playwright-java-14645071976776738247\package\lib\server\progress.js:76:26)
    at Frame.click (C:\Users\Admin\AppData\Local\Temp\playwright-java-14645071976776738247\package\lib\server\frames.js:959:23)
    at FrameDispatcher.click (C:\Users\Admin\AppData\Local\Temp\playwright-java-14645071976776738247\package\lib\server\dispatchers\frameDispatcher.js:117:30)
    at FrameDispatcher._handleCommand (C:\Users\Admin\AppData\Local\Temp\playwright-java-14645071976776738247\package\lib\server\dispatchers\dispatcher.js:88:40)
    at DispatcherConnection.dispatch (C:\Users\Admin\AppData\Local\Temp\playwright-java-14645071976776738247\package\lib\server\dispatchers\dispatcher.js:309:39)
}
Call log:
-   - waiting for locator("//div[text()='Select your Industry*']").first()
-     - locator resolved to <div class="select-placeholder">Select your Industry*</div>
-   - attempting click action
-     2 × waiting for element to be visible, enabled and stable
-       - element is visible, enabled and stable
-       - scrolling into view if needed
-       - done scrolling
-       - <li class="pb-1">Direct HR Access: Ensure your application reaches…</li> from <div role="dialog" tabindex="-1" aria-modal="true" class="fade AskUs-Modal modal show">…</div> subtree intercepts pointer events
-     - retrying click action
-     - waiting 20ms
-     2 × waiting for element to be visible, enabled and stable
-       - element is visible, enabled and stable
-       - scrolling into view if needed
-       - done scrolling
-       - <li class="pb-1">Direct HR Access: Ensure your application reaches…</li> from <div role="dialog" tabindex="-1" aria-modal="true" class="fade AskUs-Modal modal show">…</div> subtree intercepts pointer events
-     - retrying click action
-       - waiting 100ms
-     - waiting for element to be visible, enabled and stable
-     - element is not stable
-   13 × retrying click action
-        - waiting 500ms
-        - waiting for element to be visible, enabled and stable
-        - element is visible, enabled and stable
-        - scrolling into view if needed
-        - done scrolling
-        - <li class="pb-1">Stay Updated: You can receive real-time notificat…</li> from <div role="dialog" tabindex="-1" aria-modal="true" class="fade AskUs-Modal modal show">…</div> subtree intercepts pointer events
-      - retrying click action
-        - waiting 500ms
-        - waiting for element to be visible, enabled and stable
-        - element is visible, enabled and stable
-        - scrolling into view if needed
-        - done scrolling
-        - <div class="fade modal-backdrop show"></div> intercepts pointer events
-      - retrying click action
-        - waiting 500ms
-        - waiting for element to be visible, enabled and stable
-        - element is visible, enabled and stable
-        - scrolling into view if needed
-        - done scrolling
-        - <li class="pb-1">Direct HR Access: Ensure your application reaches…</li> from <div role="dialog" tabindex="-1" aria-modal="true" class="fade AskUs-Modal modal show">…</div> subtree intercepts pointer events
-      - retrying click action
-        - waiting 500ms
-        - waiting for element to be visible, enabled and stable
-        - element is visible, enabled and stable
-        - scrolling into view if needed
-        - done scrolling
-        - <li class="pb-1">Stay Updated: You can receive real-time notificat…</li> from <div role="dialog" tabindex="-1" aria-modal="true" class="fade AskUs-Modal modal show">…</div> subtree intercepts pointer events
-   - retrying click action
-     - waiting 500ms

at com.microsoft.playwright.impl.WaitableResult.get(WaitableResult.java:52)
at com.microsoft.playwright.impl.ChannelOwner.runUntil(ChannelOwner.java:138)
at com.microsoft.playwright.impl.Connection.sendMessage(Connection.java:131)
at com.microsoft.playwright.impl.ChannelOwner.sendMessage(ChannelOwner.java:124)
at com.microsoft.playwright.impl.FrameImpl.clickImpl(FrameImpl.java:241)
at com.microsoft.playwright.impl.FrameImpl.click(FrameImpl.java:232)
at com.microsoft.playwright.impl.LocatorImpl.click(LocatorImpl.java:164)
at com.microsoft.playwright.Locator.click(Locator.java:2500)
at com.promilo.automation.guestuser.jobs.GuestUserHrCall.applyForJobAsGuestUser(GuestUserHrCall.java:81)
at java.base/jdk.internal.reflect.DirectMethodHandleAccessor.invoke(DirectMethodHandleAccessor.java:103)
at java.base/java.lang.reflect.Method.invoke(Method.java:580)
at org.testng.internal.invokers.MethodInvocationHelper.invokeMethod(MethodInvocationHelper.java:141)
at org.testng.internal.invokers.TestInvoker.invokeMethod(TestInvoker.java:686)
at org.testng.internal.invokers.TestInvoker.invokeTestMethod(TestInvoker.java:230)
at org.testng.internal.invokers.MethodRunner.runInSequence(MethodRunner.java:63)
at org.testng.internal.invokers.TestInvoker$MethodInvocationAgent.invoke(TestInvoker.java:992)
at org.testng.internal.invokers.TestInvoker.invokeTestMethods(TestInvoker.java:203)
at org.testng.internal.invokers.TestMethodWorker.invokeTestMethods(TestMethodWorker.java:154)
at org.testng.internal.invokers.TestMethodWorker.run(TestMethodWorker.java:134)
at java.base/java.util.ArrayList.forEach(ArrayList.java:1596)
at org.testng.TestRunner.privateRun(TestRunner.java:739)
at org.testng.TestRunner.run(TestRunner.java:614)
at org.testng.SuiteRunner.runTest(SuiteRunner.java:421)
at org.testng.SuiteRunner.runSequentially(SuiteRunner.java:413)
at org.testng.SuiteRunner.privateRun(SuiteRunner.java:373)
at org.testng.SuiteRunner.run(SuiteRunner.java:312)
at org.testng.SuiteRunnerWorker.runSuite(SuiteRunnerWorker.java:52)
at org.testng.SuiteRunnerWorker.run(SuiteRunnerWorker.java:95)
at org.testng.TestNG.runSuitesSequentially(TestNG.java:1274)
at org.testng.TestNG.runSuitesLocally(TestNG.java:1208)
at org.testng.TestNG.runSuites(TestNG.java:1112)
at org.testng.TestNG.run(TestNG.java:1079)
at org.testng.remote.AbstractRemoteTestNG.run(AbstractRemoteTestNG.java:115)
at org.testng.remote.RemoteTestNG.initAndRun(RemoteTestNG.java:293)
at org.testng.remote.RemoteTestNG.main(RemoteTestNG.java:91)
Caused by: com.microsoft.playwright.TimeoutError: Error {
  message='Timeout 30000ms exceeded.
  name='TimeoutError
  stack='TimeoutError: Timeout 30000ms exceeded.
    at ProgressController.run (C:\Users\Admin\AppData\Local\Temp\playwright-java-14645071976776738247\package\lib\server\progress.js:76:26)
    at Frame.click (C:\Users\Admin\AppData\Local\Temp\playwright-java-14645071976776738247\package\lib\server\frames.js:959:23)
    at FrameDispatcher.click (C:\Users\Admin\AppData\Local\Temp\playwright-java-14645071976776738247\package\lib\server\dispatchers\frameDispatcher.js:117:30)
    at FrameDispatcher._handleCommand (C:\Users\Admin\AppData\Local\Temp\playwright-java-14645071976776738247\package\lib\server\dispatchers\dispatcher.js:88:40)
    at DispatcherConnection.dispatch (C:\Users\Admin\AppData\Local\Temp\playwright-java-14645071976776738247\package\lib\server\dispatchers\dispatcher.js:309:39)
}
Call log:
-   - waiting for locator("//div[text()='Select your Industry*']").first()
-     - locator resolved to <div class="select-placeholder">Select your Industry*</div>
-   - attempting click action
-     2 × waiting for element to be visible, enabled and stable
-       - element is visible, enabled and stable
-       - scrolling into view if needed
-       - done scrolling
-       - <li class="pb-1">Direct HR Access: Ensure your application reaches…</li> from <div role="dialog" tabindex="-1" aria-modal="true" class="fade AskUs-Modal modal show">…</div> subtree intercepts pointer events
-     - retrying click action
-     - waiting 20ms
-     2 × waiting for element to be visible, enabled and stable
-       - element is visible, enabled and stable
-       - scrolling into view if needed
-       - done scrolling
-       - <li class="pb-1">Direct HR Access: Ensure your application reaches…</li> from <div role="dialog" tabindex="-1" aria-modal="true" class="fade AskUs-Modal modal show">…</div> subtree intercepts pointer events
-     - retrying click action
-       - waiting 100ms
-     - waiting for element to be visible, enabled and stable
-     - element is not stable
-   13 × retrying click action
-        - waiting 500ms
-        - waiting for element to be visible, enabled and stable
-        - element is visible, enabled and stable
-        - scrolling into view if needed
-        - done scrolling
-        - <li class="pb-1">Stay Updated: You can receive real-time notificat…</li> from <div role="dialog" tabindex="-1" aria-modal="true" class="fade AskUs-Modal modal show">…</div> subtree intercepts pointer events
-      - retrying click action
-        - waiting 500ms
-        - waiting for element to be visible, enabled and stable
-        - element is visible, enabled and stable
-        - scrolling into view if needed
-        - done scrolling
-        - <div class="fade modal-backdrop show"></div> intercepts pointer events
-      - retrying click action
-        - waiting 500ms
-        - waiting for element to be visible, enabled and stable
-        - element is visible, enabled and stable
-        - scrolling into view if needed
-        - done scrolling
-        - <li class="pb-1">Direct HR Access: Ensure your application reaches…</li> from <div role="dialog" tabindex="-1" aria-modal="true" class="fade AskUs-Modal modal show">…</div> subtree intercepts pointer events
-      - retrying click action
-        - waiting 500ms
-        - waiting for element to be visible, enabled and stable
-        - element is visible, enabled and stable
-        - scrolling into view if needed
-        - done scrolling
-        - <li class="pb-1">Stay Updated: You can receive real-time notificat…</li> from <div role="dialog" tabindex="-1" aria-modal="true" class="fade AskUs-Modal modal show">…</div> subtree intercepts pointer events
-   - retrying click action
-     - waiting 500ms

at com.microsoft.playwright.impl.Connection.dispatch(Connection.java:257)
at com.microsoft.playwright.impl.Connection.processOneMessage(Connection.java:214)
at com.microsoft.playwright.impl.ChannelOwner.runUntil(ChannelOwner.java:136)
... 33 more
]]>
    </error>
  </testcase> <!-- applyForJobAsGuestUser -->
</testsuite> <!-- com.promilo.automation.guestuser.jobs.GuestUserHrCall -->
