<?xml version="1.0" encoding="UTF-8"?>
<!-- Generated by org.testng.reporters.JUnitReportReporter -->
<testsuite hostname="DESKTOP-6TAQC2O" failures="0" tests="1" name="com.promilo.automation.resources.SignupWithMailosaur" time="66.634" errors="1" timestamp="2025-08-12T12:25:44 IST" skipped="0">
  <testcase classname="com.promilo.automation.resources.SignupWithMailosaur" name="signup" time="66.634">
    <error message="Error {
  message=&#039;Timeout 30000ms exceeded.
  name=&#039;TimeoutError
  stack=&#039;TimeoutError: Timeout 30000ms exceeded.
    at ProgressController.run (C:\Users\Admin\AppData\Local\Temp\playwright-java-1759093487567329542\package\lib\server\progress.js:76:26)
    at Frame.fill (C:\Users\Admin\AppData\Local\Temp\playwright-java-1759093487567329542\package\lib\server\frames.js:1006:23)
    at FrameDispatcher.fill (C:\Users\Admin\AppData\Local\Temp\playwright-java-1759093487567329542\package\lib\server\dispatchers\frameDispatcher.js:129:30)
    at FrameDispatcher._handleCommand (C:\Users\Admin\AppData\Local\Temp\playwright-java-1759093487567329542\package\lib\server\dispatchers\dispatcher.js:88:40)
    at DispatcherConnection.dispatch (C:\Users\Admin\AppData\Local\Temp\playwright-java-1759093487567329542\package\lib\server\dispatchers\dispatcher.js:309:39)
}
Call log:
-   - waiting for locator(&quot;//input[@placeholder=&#039;Enter Password&#039;]&quot;)
-     - locator resolved to &lt;input disabled value=&quot;&quot; id=&quot;signup&quot; maxlength=&quot;15&quot; type=&quot;password&quot; class=&quot;form-control&quot; placeholder=&quot;Enter Password&quot;/&gt;
-     - fill(&quot;YourStrongPassword&quot;)
-   - attempting fill action
-     2 × waiting for element to be visible, enabled and editable
-       - element is not visible
-     - retrying fill action
-     - waiting 20ms
-     2 × waiting for element to be visible, enabled and editable
-       - element is not visible
-     - retrying fill action
-       - waiting 100ms
-     59 × waiting for element to be visible, enabled and editable
-        - element is not visible
-      - retrying fill action
-        - waiting 500ms
" type="com.microsoft.playwright.TimeoutError">
      <![CDATA[com.microsoft.playwright.TimeoutError: Error {
  message='Timeout 30000ms exceeded.
  name='TimeoutError
  stack='TimeoutError: Timeout 30000ms exceeded.
    at ProgressController.run (C:\Users\Admin\AppData\Local\Temp\playwright-java-1759093487567329542\package\lib\server\progress.js:76:26)
    at Frame.fill (C:\Users\Admin\AppData\Local\Temp\playwright-java-1759093487567329542\package\lib\server\frames.js:1006:23)
    at FrameDispatcher.fill (C:\Users\Admin\AppData\Local\Temp\playwright-java-1759093487567329542\package\lib\server\dispatchers\frameDispatcher.js:129:30)
    at FrameDispatcher._handleCommand (C:\Users\Admin\AppData\Local\Temp\playwright-java-1759093487567329542\package\lib\server\dispatchers\dispatcher.js:88:40)
    at DispatcherConnection.dispatch (C:\Users\Admin\AppData\Local\Temp\playwright-java-1759093487567329542\package\lib\server\dispatchers\dispatcher.js:309:39)
}
Call log:
-   - waiting for locator("//input[@placeholder='Enter Password']")
-     - locator resolved to <input disabled value="" id="signup" maxlength="15" type="password" class="form-control" placeholder="Enter Password"/>
-     - fill("YourStrongPassword")
-   - attempting fill action
-     2 × waiting for element to be visible, enabled and editable
-       - element is not visible
-     - retrying fill action
-     - waiting 20ms
-     2 × waiting for element to be visible, enabled and editable
-       - element is not visible
-     - retrying fill action
-       - waiting 100ms
-     59 × waiting for element to be visible, enabled and editable
-        - element is not visible
-      - retrying fill action
-        - waiting 500ms

at com.microsoft.playwright.impl.WaitableResult.get(WaitableResult.java:52)
at com.microsoft.playwright.impl.ChannelOwner.runUntil(ChannelOwner.java:138)
at com.microsoft.playwright.impl.Connection.sendMessage(Connection.java:131)
at com.microsoft.playwright.impl.ChannelOwner.sendMessage(ChannelOwner.java:124)
at com.microsoft.playwright.impl.FrameImpl.fill(FrameImpl.java:300)
at com.microsoft.playwright.impl.LocatorImpl.fill(LocatorImpl.java:244)
at com.microsoft.playwright.Locator.fill(Locator.java:3105)
at com.promilo.automation.resources.SignupWithMailosaur.signup(SignupWithMailosaur.java:84)
at java.base/jdk.internal.reflect.DirectMethodHandleAccessor.invoke(DirectMethodHandleAccessor.java:103)
at java.base/java.lang.reflect.Method.invoke(Method.java:580)
at org.testng.internal.invokers.MethodInvocationHelper.invokeMethod(MethodInvocationHelper.java:141)
at org.testng.internal.invokers.TestInvoker.invokeMethod(TestInvoker.java:686)
at org.testng.internal.invokers.TestInvoker.invokeTestMethod(TestInvoker.java:230)
at org.testng.internal.invokers.MethodRunner.runInSequence(MethodRunner.java:63)
at org.testng.internal.invokers.TestInvoker$MethodInvocationAgent.invoke(TestInvoker.java:992)
at org.testng.internal.invokers.TestInvoker.invokeTestMethods(TestInvoker.java:203)
at org.testng.internal.invokers.TestMethodWorker.invokeTestMethods(TestMethodWorker.java:154)
at org.testng.internal.invokers.TestMethodWorker.run(TestMethodWorker.java:134)
at java.base/java.util.ArrayList.forEach(ArrayList.java:1596)
at org.testng.TestRunner.privateRun(TestRunner.java:739)
at org.testng.TestRunner.run(TestRunner.java:614)
at org.testng.SuiteRunner.runTest(SuiteRunner.java:421)
at org.testng.SuiteRunner.runSequentially(SuiteRunner.java:413)
at org.testng.SuiteRunner.privateRun(SuiteRunner.java:373)
at org.testng.SuiteRunner.run(SuiteRunner.java:312)
at org.testng.SuiteRunnerWorker.runSuite(SuiteRunnerWorker.java:52)
at org.testng.SuiteRunnerWorker.run(SuiteRunnerWorker.java:95)
at org.testng.TestNG.runSuitesSequentially(TestNG.java:1274)
at org.testng.TestNG.runSuitesLocally(TestNG.java:1208)
at org.testng.TestNG.runSuites(TestNG.java:1112)
at org.testng.TestNG.run(TestNG.java:1079)
at org.testng.remote.AbstractRemoteTestNG.run(AbstractRemoteTestNG.java:115)
at org.testng.remote.RemoteTestNG.initAndRun(RemoteTestNG.java:293)
at org.testng.remote.RemoteTestNG.main(RemoteTestNG.java:91)
Caused by: com.microsoft.playwright.TimeoutError: Error {
  message='Timeout 30000ms exceeded.
  name='TimeoutError
  stack='TimeoutError: Timeout 30000ms exceeded.
    at ProgressController.run (C:\Users\Admin\AppData\Local\Temp\playwright-java-1759093487567329542\package\lib\server\progress.js:76:26)
    at Frame.fill (C:\Users\Admin\AppData\Local\Temp\playwright-java-1759093487567329542\package\lib\server\frames.js:1006:23)
    at FrameDispatcher.fill (C:\Users\Admin\AppData\Local\Temp\playwright-java-1759093487567329542\package\lib\server\dispatchers\frameDispatcher.js:129:30)
    at FrameDispatcher._handleCommand (C:\Users\Admin\AppData\Local\Temp\playwright-java-1759093487567329542\package\lib\server\dispatchers\dispatcher.js:88:40)
    at DispatcherConnection.dispatch (C:\Users\Admin\AppData\Local\Temp\playwright-java-1759093487567329542\package\lib\server\dispatchers\dispatcher.js:309:39)
}
Call log:
-   - waiting for locator("//input[@placeholder='Enter Password']")
-     - locator resolved to <input disabled value="" id="signup" maxlength="15" type="password" class="form-control" placeholder="Enter Password"/>
-     - fill("YourStrongPassword")
-   - attempting fill action
-     2 × waiting for element to be visible, enabled and editable
-       - element is not visible
-     - retrying fill action
-     - waiting 20ms
-     2 × waiting for element to be visible, enabled and editable
-       - element is not visible
-     - retrying fill action
-       - waiting 100ms
-     59 × waiting for element to be visible, enabled and editable
-        - element is not visible
-      - retrying fill action
-        - waiting 500ms

at com.microsoft.playwright.impl.Connection.dispatch(Connection.java:257)
at com.microsoft.playwright.impl.Connection.processOneMessage(Connection.java:214)
at com.microsoft.playwright.impl.ChannelOwner.runUntil(ChannelOwner.java:136)
... 32 more
]]>
    </error>
  </testcase> <!-- signup -->
</testsuite> <!-- com.promilo.automation.resources.SignupWithMailosaur -->
