<?xml version="1.0" encoding="UTF-8"?>
<!-- Generated by org.testng.reporters.JUnitReportReporter -->
<testsuite hostname="DESKTOP-6TAQC2O" failures="0" tests="1" name="com.promilo.automation.myintrests.MyintrestRescheduling" time="0.083" errors="0" timestamp="2025-08-26T11:49:40 IST" skipped="0">
  <testcase classname="com.promilo.automation.myintrests.MyintrestRescheduling" name="rescheduleInterestTest" time="0.083"/>
</testsuite> <!-- com.promilo.automation.myintrests.MyintrestRescheduling -->
