<?xml version="1.0" encoding="UTF-8"?>
<!-- Generated by org.testng.reporters.JUnitReportReporter -->
<testsuite hostname="DESKTOP-6TAQC2O" failures="0" tests="1" name="com.promilo.automation.myintrests.MyintrestSendReminder" time="20.388" errors="0" timestamp="2025-07-28T16:54:48 IST" skipped="0">
  <testcase classname="com.promilo.automation.myintrests.MyintrestSendReminder" name="basicDetailsLoginTest" time="20.388"/>
</testsuite> <!-- com.promilo.automation.myintrests.MyintrestSendReminder -->
