<?xml version="1.0" encoding="UTF-8"?>
<!-- Generated by org.testng.reporters.JUnitReportReporter -->
<testsuite hostname="DESKTOP-6TAQC2O" failures="0" tests="60" name="com.promilo.automation.registereduser.jobs.GetHrCallTest" time="41.012" errors="1" timestamp="2025-08-18T14:14:35 IST" skipped="59">
  <testcase classname="com.promilo.automation.registereduser.jobs.GetHrCallTest" name="applyForJobAsRegisteredUser" time="0.000">
    <skipped/>
  </testcase> <!-- applyForJobAsRegisteredUser -->
  <testcase classname="com.promilo.automation.registereduser.jobs.GetHrCallTest" name="applyForJobAsRegisteredUser" time="0.001">
    <skipped/>
  </testcase> <!-- applyForJobAsRegisteredUser -->
  <testcase classname="com.promilo.automation.registereduser.jobs.GetHrCallTest" name="applyForJobAsRegisteredUser" time="0.000">
    <skipped/>
  </testcase> <!-- applyForJobAsRegisteredUser -->
  <testcase classname="com.promilo.automation.registereduser.jobs.GetHrCallTest" name="applyForJobAsRegisteredUser" time="0.000">
    <skipped/>
  </testcase> <!-- applyForJobAsRegisteredUser -->
  <testcase classname="com.promilo.automation.registereduser.jobs.GetHrCallTest" name="applyForJobAsRegisteredUser" time="0.000">
    <skipped/>
  </testcase> <!-- applyForJobAsRegisteredUser -->
  <testcase classname="com.promilo.automation.registereduser.jobs.GetHrCallTest" name="applyForJobAsRegisteredUser" time="0.001">
    <skipped/>
  </testcase> <!-- applyForJobAsRegisteredUser -->
  <testcase classname="com.promilo.automation.registereduser.jobs.GetHrCallTest" name="applyForJobAsRegisteredUser" time="0.000">
    <skipped/>
  </testcase> <!-- applyForJobAsRegisteredUser -->
  <testcase classname="com.promilo.automation.registereduser.jobs.GetHrCallTest" name="applyForJobAsRegisteredUser" time="0.000">
    <skipped/>
  </testcase> <!-- applyForJobAsRegisteredUser -->
  <testcase classname="com.promilo.automation.registereduser.jobs.GetHrCallTest" name="applyForJobAsRegisteredUser" time="0.000">
    <skipped/>
  </testcase> <!-- applyForJobAsRegisteredUser -->
  <testcase classname="com.promilo.automation.registereduser.jobs.GetHrCallTest" name="applyForJobAsRegisteredUser" time="0.000">
    <skipped/>
  </testcase> <!-- applyForJobAsRegisteredUser -->
  <testcase classname="com.promilo.automation.registereduser.jobs.GetHrCallTest" name="applyForJobAsRegisteredUser" time="0.000">
    <skipped/>
  </testcase> <!-- applyForJobAsRegisteredUser -->
  <testcase classname="com.promilo.automation.registereduser.jobs.GetHrCallTest" name="signupWithMailosaur" time="41.005">
    <error message="Error {
  message=&#039;Timeout 30000ms exceeded.
  name=&#039;TimeoutError
  stack=&#039;TimeoutError: Timeout 30000ms exceeded.
    at ProgressController.run (C:\Users\Admin\AppData\Local\Temp\playwright-java-17022788112253188245\package\lib\server\progress.js:76:26)
    at Frame.fill (C:\Users\Admin\AppData\Local\Temp\playwright-java-17022788112253188245\package\lib\server\frames.js:1006:23)
    at FrameDispatcher.fill (C:\Users\Admin\AppData\Local\Temp\playwright-java-17022788112253188245\package\lib\server\dispatchers\frameDispatcher.js:129:30)
    at FrameDispatcher._handleCommand (C:\Users\Admin\AppData\Local\Temp\playwright-java-17022788112253188245\package\lib\server\dispatchers\dispatcher.js:88:40)
    at DispatcherConnection.dispatch (C:\Users\Admin\AppData\Local\Temp\playwright-java-17022788112253188245\package\lib\server\dispatchers\dispatcher.js:309:39)
}
Call log:
-   - waiting for locator(&quot;//input[@placeholder=&#039;Email*&#039;]&quot;)
" type="com.microsoft.playwright.TimeoutError">
      <![CDATA[com.microsoft.playwright.TimeoutError: Error {
  message='Timeout 30000ms exceeded.
  name='TimeoutError
  stack='TimeoutError: Timeout 30000ms exceeded.
    at ProgressController.run (C:\Users\Admin\AppData\Local\Temp\playwright-java-17022788112253188245\package\lib\server\progress.js:76:26)
    at Frame.fill (C:\Users\Admin\AppData\Local\Temp\playwright-java-17022788112253188245\package\lib\server\frames.js:1006:23)
    at FrameDispatcher.fill (C:\Users\Admin\AppData\Local\Temp\playwright-java-17022788112253188245\package\lib\server\dispatchers\frameDispatcher.js:129:30)
    at FrameDispatcher._handleCommand (C:\Users\Admin\AppData\Local\Temp\playwright-java-17022788112253188245\package\lib\server\dispatchers\dispatcher.js:88:40)
    at DispatcherConnection.dispatch (C:\Users\Admin\AppData\Local\Temp\playwright-java-17022788112253188245\package\lib\server\dispatchers\dispatcher.js:309:39)
}
Call log:
-   - waiting for locator("//input[@placeholder='Email*']")

at com.microsoft.playwright.impl.WaitableResult.get(WaitableResult.java:52)
at com.microsoft.playwright.impl.ChannelOwner.runUntil(ChannelOwner.java:138)
at com.microsoft.playwright.impl.Connection.sendMessage(Connection.java:131)
at com.microsoft.playwright.impl.ChannelOwner.sendMessage(ChannelOwner.java:124)
at com.microsoft.playwright.impl.FrameImpl.fill(FrameImpl.java:300)
at com.microsoft.playwright.impl.LocatorImpl.fill(LocatorImpl.java:244)
at com.microsoft.playwright.Locator.fill(Locator.java:3105)
at com.promilo.automation.registereduser.jobs.GetHrCallTest.signupWithMailosaur(GetHrCallTest.java:52)
at java.base/jdk.internal.reflect.DirectMethodHandleAccessor.invoke(DirectMethodHandleAccessor.java:103)
at java.base/java.lang.reflect.Method.invoke(Method.java:580)
at org.testng.internal.invokers.MethodInvocationHelper.invokeMethod(MethodInvocationHelper.java:141)
at org.testng.internal.invokers.MethodInvocationHelper.invokeMethodConsideringTimeout(MethodInvocationHelper.java:71)
at org.testng.internal.invokers.ConfigInvoker.invokeConfigurationMethod(ConfigInvoker.java:400)
at org.testng.internal.invokers.ConfigInvoker.invokeConfigurations(ConfigInvoker.java:333)
at org.testng.SuiteRunner.privateRun(SuiteRunner.java:358)
at org.testng.SuiteRunner.run(SuiteRunner.java:312)
at org.testng.SuiteRunnerWorker.runSuite(SuiteRunnerWorker.java:52)
at org.testng.SuiteRunnerWorker.run(SuiteRunnerWorker.java:95)
at org.testng.TestNG.runSuitesSequentially(TestNG.java:1274)
at org.testng.TestNG.runSuitesLocally(TestNG.java:1208)
at org.testng.TestNG.runSuites(TestNG.java:1112)
at org.testng.TestNG.run(TestNG.java:1079)
at org.testng.remote.AbstractRemoteTestNG.run(AbstractRemoteTestNG.java:115)
at org.testng.remote.RemoteTestNG.initAndRun(RemoteTestNG.java:293)
at org.testng.remote.RemoteTestNG.main(RemoteTestNG.java:91)
Caused by: com.microsoft.playwright.TimeoutError: Error {
  message='Timeout 30000ms exceeded.
  name='TimeoutError
  stack='TimeoutError: Timeout 30000ms exceeded.
    at ProgressController.run (C:\Users\Admin\AppData\Local\Temp\playwright-java-17022788112253188245\package\lib\server\progress.js:76:26)
    at Frame.fill (C:\Users\Admin\AppData\Local\Temp\playwright-java-17022788112253188245\package\lib\server\frames.js:1006:23)
    at FrameDispatcher.fill (C:\Users\Admin\AppData\Local\Temp\playwright-java-17022788112253188245\package\lib\server\dispatchers\frameDispatcher.js:129:30)
    at FrameDispatcher._handleCommand (C:\Users\Admin\AppData\Local\Temp\playwright-java-17022788112253188245\package\lib\server\dispatchers\dispatcher.js:88:40)
    at DispatcherConnection.dispatch (C:\Users\Admin\AppData\Local\Temp\playwright-java-17022788112253188245\package\lib\server\dispatchers\dispatcher.js:309:39)
}
Call log:
-   - waiting for locator("//input[@placeholder='Email*']")

at com.microsoft.playwright.impl.Connection.dispatch(Connection.java:257)
at com.microsoft.playwright.impl.Connection.processOneMessage(Connection.java:214)
at com.microsoft.playwright.impl.ChannelOwner.runUntil(ChannelOwner.java:136)
... 23 more
]]>
    </error>
  </testcase> <!-- signupWithMailosaur -->
  <testcase classname="com.promilo.automation.registereduser.jobs.GetHrCallTest" name="applyForJobAsRegisteredUser" time="0.000">
    <skipped/>
  </testcase> <!-- applyForJobAsRegisteredUser -->
  <testcase classname="com.promilo.automation.registereduser.jobs.GetHrCallTest" name="applyForJobAsRegisteredUser" time="0.000">
    <skipped/>
  </testcase> <!-- applyForJobAsRegisteredUser -->
  <testcase classname="com.promilo.automation.registereduser.jobs.GetHrCallTest" name="applyForJobAsRegisteredUser" time="0.000">
    <skipped/>
  </testcase> <!-- applyForJobAsRegisteredUser -->
  <testcase classname="com.promilo.automation.registereduser.jobs.GetHrCallTest" name="applyForJobAsRegisteredUser" time="0.000">
    <skipped/>
  </testcase> <!-- applyForJobAsRegisteredUser -->
  <testcase classname="com.promilo.automation.registereduser.jobs.GetHrCallTest" name="applyForJobAsRegisteredUser" time="0.000">
    <skipped/>
  </testcase> <!-- applyForJobAsRegisteredUser -->
  <testcase classname="com.promilo.automation.registereduser.jobs.GetHrCallTest" name="applyForJobAsRegisteredUser" time="0.000">
    <skipped/>
  </testcase> <!-- applyForJobAsRegisteredUser -->
  <testcase classname="com.promilo.automation.registereduser.jobs.GetHrCallTest" name="applyForJobAsRegisteredUser" time="0.000">
    <skipped/>
  </testcase> <!-- applyForJobAsRegisteredUser -->
  <testcase classname="com.promilo.automation.registereduser.jobs.GetHrCallTest" name="applyForJobAsRegisteredUser" time="0.000">
    <skipped/>
  </testcase> <!-- applyForJobAsRegisteredUser -->
  <testcase classname="com.promilo.automation.registereduser.jobs.GetHrCallTest" name="applyForJobAsRegisteredUser" time="0.000">
    <skipped/>
  </testcase> <!-- applyForJobAsRegisteredUser -->
  <testcase classname="com.promilo.automation.registereduser.jobs.GetHrCallTest" name="applyForJobAsRegisteredUser" time="0.000">
    <skipped/>
  </testcase> <!-- applyForJobAsRegisteredUser -->
  <testcase classname="com.promilo.automation.registereduser.jobs.GetHrCallTest" name="applyForJobAsRegisteredUser" time="0.000">
    <skipped/>
  </testcase> <!-- applyForJobAsRegisteredUser -->
  <testcase classname="com.promilo.automation.registereduser.jobs.GetHrCallTest" name="applyForJobAsRegisteredUser" time="0.000">
    <skipped/>
  </testcase> <!-- applyForJobAsRegisteredUser -->
  <testcase classname="com.promilo.automation.registereduser.jobs.GetHrCallTest" name="applyForJobAsRegisteredUser" time="0.000">
    <skipped/>
  </testcase> <!-- applyForJobAsRegisteredUser -->
  <testcase classname="com.promilo.automation.registereduser.jobs.GetHrCallTest" name="applyForJobAsRegisteredUser" time="0.000">
    <skipped/>
  </testcase> <!-- applyForJobAsRegisteredUser -->
  <testcase classname="com.promilo.automation.registereduser.jobs.GetHrCallTest" name="applyForJobAsRegisteredUser" time="0.000">
    <skipped/>
  </testcase> <!-- applyForJobAsRegisteredUser -->
  <testcase classname="com.promilo.automation.registereduser.jobs.GetHrCallTest" name="applyForJobAsRegisteredUser" time="0.000">
    <skipped/>
  </testcase> <!-- applyForJobAsRegisteredUser -->
  <testcase classname="com.promilo.automation.registereduser.jobs.GetHrCallTest" name="applyForJobAsRegisteredUser" time="0.001">
    <skipped/>
  </testcase> <!-- applyForJobAsRegisteredUser -->
  <testcase classname="com.promilo.automation.registereduser.jobs.GetHrCallTest" name="applyForJobAsRegisteredUser" time="0.000">
    <skipped/>
  </testcase> <!-- applyForJobAsRegisteredUser -->
  <testcase classname="com.promilo.automation.registereduser.jobs.GetHrCallTest" name="applyForJobAsRegisteredUser" time="0.000">
    <skipped/>
  </testcase> <!-- applyForJobAsRegisteredUser -->
  <testcase classname="com.promilo.automation.registereduser.jobs.GetHrCallTest" name="applyForJobAsRegisteredUser" time="0.000">
    <skipped/>
  </testcase> <!-- applyForJobAsRegisteredUser -->
  <testcase classname="com.promilo.automation.registereduser.jobs.GetHrCallTest" name="applyForJobAsRegisteredUser" time="0.001">
    <skipped/>
  </testcase> <!-- applyForJobAsRegisteredUser -->
  <testcase classname="com.promilo.automation.registereduser.jobs.GetHrCallTest" name="applyForJobAsRegisteredUser" time="0.000">
    <skipped/>
  </testcase> <!-- applyForJobAsRegisteredUser -->
  <testcase classname="com.promilo.automation.registereduser.jobs.GetHrCallTest" name="applyForJobAsRegisteredUser" time="0.000">
    <skipped/>
  </testcase> <!-- applyForJobAsRegisteredUser -->
  <testcase classname="com.promilo.automation.registereduser.jobs.GetHrCallTest" name="applyForJobAsRegisteredUser" time="0.000">
    <skipped/>
  </testcase> <!-- applyForJobAsRegisteredUser -->
  <testcase classname="com.promilo.automation.registereduser.jobs.GetHrCallTest" name="applyForJobAsRegisteredUser" time="0.001">
    <skipped/>
  </testcase> <!-- applyForJobAsRegisteredUser -->
  <testcase classname="com.promilo.automation.registereduser.jobs.GetHrCallTest" name="applyForJobAsRegisteredUser" time="0.000">
    <skipped/>
  </testcase> <!-- applyForJobAsRegisteredUser -->
  <testcase classname="com.promilo.automation.registereduser.jobs.GetHrCallTest" name="applyForJobAsRegisteredUser" time="0.000">
    <skipped/>
  </testcase> <!-- applyForJobAsRegisteredUser -->
  <testcase classname="com.promilo.automation.registereduser.jobs.GetHrCallTest" name="applyForJobAsRegisteredUser" time="0.000">
    <skipped/>
  </testcase> <!-- applyForJobAsRegisteredUser -->
  <testcase classname="com.promilo.automation.registereduser.jobs.GetHrCallTest" name="applyForJobAsRegisteredUser" time="0.000">
    <skipped/>
  </testcase> <!-- applyForJobAsRegisteredUser -->
  <testcase classname="com.promilo.automation.registereduser.jobs.GetHrCallTest" name="applyForJobAsRegisteredUser" time="0.000">
    <skipped/>
  </testcase> <!-- applyForJobAsRegisteredUser -->
  <testcase classname="com.promilo.automation.registereduser.jobs.GetHrCallTest" name="applyForJobAsRegisteredUser" time="0.000">
    <skipped/>
  </testcase> <!-- applyForJobAsRegisteredUser -->
  <testcase classname="com.promilo.automation.registereduser.jobs.GetHrCallTest" name="applyForJobAsRegisteredUser" time="0.001">
    <skipped/>
  </testcase> <!-- applyForJobAsRegisteredUser -->
  <testcase classname="com.promilo.automation.registereduser.jobs.GetHrCallTest" name="applyForJobAsRegisteredUser" time="0.000">
    <skipped/>
  </testcase> <!-- applyForJobAsRegisteredUser -->
  <testcase classname="com.promilo.automation.registereduser.jobs.GetHrCallTest" name="applyForJobAsRegisteredUser" time="0.000">
    <skipped/>
  </testcase> <!-- applyForJobAsRegisteredUser -->
  <testcase classname="com.promilo.automation.registereduser.jobs.GetHrCallTest" name="applyForJobAsRegisteredUser" time="0.001">
    <skipped/>
  </testcase> <!-- applyForJobAsRegisteredUser -->
  <testcase classname="com.promilo.automation.registereduser.jobs.GetHrCallTest" name="applyForJobAsRegisteredUser" time="0.000">
    <skipped/>
  </testcase> <!-- applyForJobAsRegisteredUser -->
  <testcase classname="com.promilo.automation.registereduser.jobs.GetHrCallTest" name="applyForJobAsRegisteredUser" time="0.000">
    <skipped/>
  </testcase> <!-- applyForJobAsRegisteredUser -->
  <testcase classname="com.promilo.automation.registereduser.jobs.GetHrCallTest" name="applyForJobAsRegisteredUser" time="0.000">
    <skipped/>
  </testcase> <!-- applyForJobAsRegisteredUser -->
  <testcase classname="com.promilo.automation.registereduser.jobs.GetHrCallTest" name="applyForJobAsRegisteredUser" time="0.000">
    <skipped/>
  </testcase> <!-- applyForJobAsRegisteredUser -->
  <testcase classname="com.promilo.automation.registereduser.jobs.GetHrCallTest" name="applyForJobAsRegisteredUser" time="0.000">
    <skipped/>
  </testcase> <!-- applyForJobAsRegisteredUser -->
  <testcase classname="com.promilo.automation.registereduser.jobs.GetHrCallTest" name="applyForJobAsRegisteredUser" time="0.000">
    <skipped/>
  </testcase> <!-- applyForJobAsRegisteredUser -->
  <testcase classname="com.promilo.automation.registereduser.jobs.GetHrCallTest" name="applyForJobAsRegisteredUser" time="0.000">
    <skipped/>
  </testcase> <!-- applyForJobAsRegisteredUser -->
  <testcase classname="com.promilo.automation.registereduser.jobs.GetHrCallTest" name="applyForJobAsRegisteredUser" time="0.000">
    <skipped/>
  </testcase> <!-- applyForJobAsRegisteredUser -->
  <testcase classname="com.promilo.automation.registereduser.jobs.GetHrCallTest" name="applyForJobAsRegisteredUser" time="0.000">
    <skipped/>
  </testcase> <!-- applyForJobAsRegisteredUser -->
  <testcase classname="com.promilo.automation.registereduser.jobs.GetHrCallTest" name="applyForJobAsRegisteredUser" time="0.000">
    <skipped/>
  </testcase> <!-- applyForJobAsRegisteredUser -->
  <testcase classname="com.promilo.automation.registereduser.jobs.GetHrCallTest" name="applyForJobAsRegisteredUser" time="0.000">
    <skipped/>
  </testcase> <!-- applyForJobAsRegisteredUser -->
  <testcase classname="com.promilo.automation.registereduser.jobs.GetHrCallTest" name="applyForJobAsRegisteredUser" time="0.000">
    <skipped/>
  </testcase> <!-- applyForJobAsRegisteredUser -->
  <testcase classname="com.promilo.automation.registereduser.jobs.GetHrCallTest" name="applyForJobAsRegisteredUser" time="0.000">
    <skipped/>
  </testcase> <!-- applyForJobAsRegisteredUser -->
</testsuite> <!-- com.promilo.automation.registereduser.jobs.GetHrCallTest -->
