<?xml version="1.0" encoding="UTF-8"?>
<!-- Generated by org.testng.reporters.JUnitReportReporter -->
<testsuite hostname="DESKTOP-6TAQC2O" failures="0" tests="1" name="com.promilo.automation.advertiser.loginandregister.AdvertiserValidLogin" time="18.815" errors="0" timestamp="2025-08-26T12:00:07 IST" skipped="0">
  <testcase classname="com.promilo.automation.advertiser.loginandregister.AdvertiserValidLogin" name="performLoginTest" time="18.815"/>
</testsuite> <!-- com.promilo.automation.advertiser.loginandregister.AdvertiserValidLogin -->
