<?xml version="1.0" encoding="UTF-8"?>
<!-- Generated by org.testng.reporters.JUnitReportReporter -->
<testsuite hostname="DESKTOP-6TAQC2O" failures="0" tests="1" name="com.promilo.automation.registereduser.jobs.AskUsWithInvalidData" time="0.000" errors="0" timestamp="2025-08-25T23:03:22 IST" skipped="1">
  <testcase classname="com.promilo.automation.registereduser.jobs.AskUsWithInvalidData" name="applyForJobAsRegisteredUser" time="0.000">
    <skipped/>
  </testcase> <!-- applyForJobAsRegisteredUser -->
</testsuite> <!-- com.promilo.automation.registereduser.jobs.AskUsWithInvalidData -->
